INFO  [2013-11-04 20:48:00,464] org.quartz.impl.StdSchedulerFactory: Using default implementation for ThreadExecutor
INFO  [2013-11-04 20:48:00,519] org.quartz.simpl.SimpleThreadPool: Job execution threads will use class loader of thread: main
INFO  [2013-11-04 20:48:00,786] org.quartz.core.SchedulerSignalerImpl: Initialized Scheduler Signaller of type: class org.quartz.core.SchedulerSignalerImpl
INFO  [2013-11-04 20:48:00,790] org.quartz.core.QuartzScheduler: Quartz Scheduler v.2.2.0 created.
INFO  [2013-11-04 20:48:00,794] org.quartz.simpl.RAMJobStore: RAMJobStore initialized.
INFO  [2013-11-04 20:48:00,796] org.quartz.core.QuartzScheduler: Scheduler meta-data: Quartz Scheduler (v2.2.0) 'DefaultQuartzScheduler' with instanceId 'NON_CLUSTERED'
  Scheduler class: 'org.quartz.core.QuartzScheduler' - running locally.
  NOT STARTED.
  Currently in standby mode.
  Number of jobs executed: 0
  Using thread pool 'org.quartz.simpl.SimpleThreadPool' - with 10 threads.
  Using job-store 'org.quartz.simpl.RAMJobStore' - which does not support persistence. and is not clustered.

INFO  [2013-11-04 20:48:00,796] org.quartz.impl.StdSchedulerFactory: Quartz scheduler 'DefaultQuartzScheduler' initialized from default resource file in Quartz package: 'quartz.properties'
INFO  [2013-11-04 20:48:00,796] org.quartz.impl.StdSchedulerFactory: Quartz scheduler version: 2.2.0
INFO  [2013-11-04 20:48:00,856] org.quartz.core.QuartzScheduler: Scheduler DefaultQuartzScheduler_$_NON_CLUSTERED started.
WARN  [2013-11-04 20:48:00,965] com.yammer.dropwizard.config.ServerFactory: 
!!!!!!!!!!!!!!!!!!!!!!!!!!!!!!!!!!!!!!!!!!!!!!!!!!!!!!!!!!!!!!!!!!!!!!!!!!!!!!!!
!!!!!!!!!!!!!!!!!!!!!!!!!!!!!!!!!!!!!!!!!!!!!!!!!!!!!!!!!!!!!!!!!!!!!!!!!!!!!!!!
!    THIS SERVICE HAS NO HEALTHCHECKS. THIS MEANS YOU WILL NEVER KNOW IF IT    !
!    DIES IN PRODUCTION, WHICH MEANS YOU WILL NEVER KNOW IF YOU'RE LETTING     !
!     YOUR USERS DOWN. YOU SHOULD ADD A HEALTHCHECK FOR EACH DEPENDENCY OF     !
!     YOUR SERVICE WHICH FULLY (BUT LIGHTLY) TESTS YOUR SERVICE'S ABILITY TO   !
!      USE THAT SERVICE. THINK OF IT AS A CONTINUOUS INTEGRATION TEST.         !
!!!!!!!!!!!!!!!!!!!!!!!!!!!!!!!!!!!!!!!!!!!!!!!!!!!!!!!!!!!!!!!!!!!!!!!!!!!!!!!!
!!!!!!!!!!!!!!!!!!!!!!!!!!!!!!!!!!!!!!!!!!!!!!!!!!!!!!!!!!!!!!!!!!!!!!!!!!!!!!!!
INFO  [2013-11-04 20:48:01,538] com.yammer.dropwizard.cli.ServerCommand: Starting procurement-service
INFO  [2013-11-04 20:48:01,546] org.eclipse.jetty.server.Server: jetty-8.1.10.v20130312
INFO  [2013-11-04 20:48:02,123] com.sun.jersey.server.impl.application.WebApplicationImpl: Initiating Jersey application, version 'Jersey: 1.17.1 02/28/2013 12:47 PM'
INFO  [2013-11-04 20:48:02,438] com.yammer.dropwizard.config.Environment: The following paths were found for the configured resources:


INFO  [2013-11-04 20:48:02,439] com.yammer.dropwizard.config.Environment: tasks = 

    POST    /tasks/gc (com.yammer.dropwizard.tasks.GarbageCollectionTask)

ERROR [2013-11-04 20:48:03,642] com.sun.jersey.server.impl.application.RootResourceUriRules: The ResourceConfig instance does not contain any root resource classes.
WARN  [2013-11-04 20:48:03,687] /: unavailable
! com.sun.jersey.api.container.ContainerException: The ResourceConfig instance does not contain any root resource classes.
! at com.sun.jersey.server.impl.application.RootResourceUriRules.<init>(RootResourceUriRules.java:99) ~[jersey-server-1.17.1.jar:1.17.1]
! at com.sun.jersey.server.impl.application.WebApplicationImpl._initiate(WebApplicationImpl.java:1331) ~[jersey-server-1.17.1.jar:1.17.1]
! at com.sun.jersey.server.impl.application.WebApplicationImpl.access$700(WebApplicationImpl.java:168) ~[jersey-server-1.17.1.jar:1.17.1]
! at com.sun.jersey.server.impl.application.WebApplicationImpl$13.f(WebApplicationImpl.java:774) ~[jersey-server-1.17.1.jar:1.17.1]
! at com.sun.jersey.server.impl.application.WebApplicationImpl$13.f(WebApplicationImpl.java:770) ~[jersey-server-1.17.1.jar:1.17.1]
! at com.sun.jersey.spi.inject.Errors.processWithErrors(Errors.java:193) ~[jersey-core-1.17.1.jar:1.17.1]
! at com.sun.jersey.server.impl.application.WebApplicationImpl.initiate(WebApplicationImpl.java:770) ~[jersey-server-1.17.1.jar:1.17.1]
! at com.sun.jersey.server.impl.application.WebApplicationImpl.initiate(WebApplicationImpl.java:765) ~[jersey-server-1.17.1.jar:1.17.1]
! at com.sun.jersey.spi.container.servlet.ServletContainer.initiate(ServletContainer.java:489) ~[jersey-servlet-1.17.1.jar:1.17.1]
! at com.sun.jersey.spi.container.servlet.ServletContainer$InternalWebComponent.initiate(ServletContainer.java:319) ~[jersey-servlet-1.17.1.jar:1.17.1]
! at com.sun.jersey.spi.container.servlet.WebComponent.load(WebComponent.java:605) ~[jersey-servlet-1.17.1.jar:1.17.1]
! at com.sun.jersey.spi.container.servlet.WebComponent.init(WebComponent.java:210) ~[jersey-servlet-1.17.1.jar:1.17.1]
! at com.sun.jersey.spi.container.servlet.ServletContainer.init(ServletContainer.java:374) ~[jersey-servlet-1.17.1.jar:1.17.1]
! at com.sun.jersey.spi.container.servlet.ServletContainer.init(ServletContainer.java:557) ~[jersey-servlet-1.17.1.jar:1.17.1]
! at javax.servlet.GenericServlet.init(GenericServlet.java:244) ~[javax.servlet-3.0.0.v201112011016.jar:na]
! at org.eclipse.jetty.servlet.ServletHolder.initServlet(ServletHolder.java:519) ~[jetty-servlet-8.1.10.v20130312.jar:8.1.10.v20130312]
! at org.eclipse.jetty.servlet.ServletHolder.doStart(ServletHolder.java:331) ~[jetty-servlet-8.1.10.v20130312.jar:8.1.10.v20130312]
! at org.eclipse.jetty.util.component.AbstractLifeCycle.start(AbstractLifeCycle.java:64) ~[jetty-util-8.1.10.v20130312.jar:8.1.10.v20130312]
! at org.eclipse.jetty.servlet.ServletHandler.initialize(ServletHandler.java:742) ~[jetty-servlet-8.1.10.v20130312.jar:8.1.10.v20130312]
! at org.eclipse.jetty.servlet.ServletContextHandler.startContext(ServletContextHandler.java:265) ~[jetty-servlet-8.1.10.v20130312.jar:8.1.10.v20130312]
! at org.eclipse.jetty.server.handler.ContextHandler.doStart(ContextHandler.java:710) ~[jetty-server-8.1.10.v20130312.jar:8.1.10.v20130312]
! at org.eclipse.jetty.util.component.AbstractLifeCycle.start(AbstractLifeCycle.java:64) ~[jetty-util-8.1.10.v20130312.jar:8.1.10.v20130312]
! at org.eclipse.jetty.server.handler.HandlerWrapper.doStart(HandlerWrapper.java:95) ~[jetty-server-8.1.10.v20130312.jar:8.1.10.v20130312]
! at org.eclipse.jetty.util.component.AbstractLifeCycle.start(AbstractLifeCycle.java:64) ~[jetty-util-8.1.10.v20130312.jar:8.1.10.v20130312]
! at org.eclipse.jetty.server.handler.HandlerWrapper.doStart(HandlerWrapper.java:95) ~[jetty-server-8.1.10.v20130312.jar:8.1.10.v20130312]
! at org.eclipse.jetty.util.component.AbstractLifeCycle.start(AbstractLifeCycle.java:64) ~[jetty-util-8.1.10.v20130312.jar:8.1.10.v20130312]
! at org.eclipse.jetty.server.handler.HandlerCollection.doStart(HandlerCollection.java:229) ~[jetty-server-8.1.10.v20130312.jar:8.1.10.v20130312]
! at org.eclipse.jetty.util.component.AbstractLifeCycle.start(AbstractLifeCycle.java:64) ~[jetty-util-8.1.10.v20130312.jar:8.1.10.v20130312]
! at org.eclipse.jetty.server.handler.HandlerWrapper.doStart(HandlerWrapper.java:95) ~[jetty-server-8.1.10.v20130312.jar:8.1.10.v20130312]
! at org.eclipse.jetty.server.Server.doStart(Server.java:280) ~[jetty-server-8.1.10.v20130312.jar:8.1.10.v20130312]
! at org.eclipse.jetty.util.component.AbstractLifeCycle.start(AbstractLifeCycle.java:64) ~[jetty-util-8.1.10.v20130312.jar:8.1.10.v20130312]
! at com.yammer.dropwizard.cli.ServerCommand.run(ServerCommand.java:48) ~[dropwizard-core-0.6.2.jar:na]
! at com.yammer.dropwizard.cli.EnvironmentCommand.run(EnvironmentCommand.java:39) ~[dropwizard-core-0.6.2.jar:na]
! at com.yammer.dropwizard.cli.ConfiguredCommand.run(ConfiguredCommand.java:58) ~[dropwizard-core-0.6.2.jar:na]
! at com.yammer.dropwizard.cli.Cli.run(Cli.java:53) ~[dropwizard-core-0.6.2.jar:na]
! at com.yammer.dropwizard.Service.run(Service.java:61) ~[dropwizard-core-0.6.2.jar:na]
! at edu.sjsu.cmpe.procurement.ProcurementService.main(ProcurementService.java:28) ~[classes/:na]
INFO  [2013-11-04 20:48:03,718] org.eclipse.jetty.server.AbstractConnector: Started InstrumentedBlockingChannelConnector@0.0.0.0:8080
INFO  [2013-11-04 20:48:03,736] org.eclipse.jetty.server.AbstractConnector: Started SocketConnector@0.0.0.0:9000
INFO  [2013-11-04 21:34:24,318] org.quartz.impl.StdSchedulerFactory: Using default implementation for ThreadExecutor
INFO  [2013-11-04 21:34:24,359] org.quartz.simpl.SimpleThreadPool: Job execution threads will use class loader of thread: main
INFO  [2013-11-04 21:34:24,489] org.quartz.core.SchedulerSignalerImpl: Initialized Scheduler Signaller of type: class org.quartz.core.SchedulerSignalerImpl
INFO  [2013-11-04 21:34:24,493] org.quartz.core.QuartzScheduler: Quartz Scheduler v.2.2.0 created.
INFO  [2013-11-04 21:34:24,496] org.quartz.simpl.RAMJobStore: RAMJobStore initialized.
INFO  [2013-11-04 21:34:24,498] org.quartz.core.QuartzScheduler: Scheduler meta-data: Quartz Scheduler (v2.2.0) 'DefaultQuartzScheduler' with instanceId 'NON_CLUSTERED'
  Scheduler class: 'org.quartz.core.QuartzScheduler' - running locally.
  NOT STARTED.
  Currently in standby mode.
  Number of jobs executed: 0
  Using thread pool 'org.quartz.simpl.SimpleThreadPool' - with 10 threads.
  Using job-store 'org.quartz.simpl.RAMJobStore' - which does not support persistence. and is not clustered.

INFO  [2013-11-04 21:34:24,498] org.quartz.impl.StdSchedulerFactory: Quartz scheduler 'DefaultQuartzScheduler' initialized from default resource file in Quartz package: 'quartz.properties'
INFO  [2013-11-04 21:34:24,498] org.quartz.impl.StdSchedulerFactory: Quartz scheduler version: 2.2.0
INFO  [2013-11-04 21:34:24,582] org.quartz.core.QuartzScheduler: Scheduler DefaultQuartzScheduler_$_NON_CLUSTERED started.
WARN  [2013-11-04 21:34:24,669] com.yammer.dropwizard.config.ServerFactory: 
!!!!!!!!!!!!!!!!!!!!!!!!!!!!!!!!!!!!!!!!!!!!!!!!!!!!!!!!!!!!!!!!!!!!!!!!!!!!!!!!
!!!!!!!!!!!!!!!!!!!!!!!!!!!!!!!!!!!!!!!!!!!!!!!!!!!!!!!!!!!!!!!!!!!!!!!!!!!!!!!!
!    THIS SERVICE HAS NO HEALTHCHECKS. THIS MEANS YOU WILL NEVER KNOW IF IT    !
!    DIES IN PRODUCTION, WHICH MEANS YOU WILL NEVER KNOW IF YOU'RE LETTING     !
!     YOUR USERS DOWN. YOU SHOULD ADD A HEALTHCHECK FOR EACH DEPENDENCY OF     !
!     YOUR SERVICE WHICH FULLY (BUT LIGHTLY) TESTS YOUR SERVICE'S ABILITY TO   !
!      USE THAT SERVICE. THINK OF IT AS A CONTINUOUS INTEGRATION TEST.         !
!!!!!!!!!!!!!!!!!!!!!!!!!!!!!!!!!!!!!!!!!!!!!!!!!!!!!!!!!!!!!!!!!!!!!!!!!!!!!!!!
!!!!!!!!!!!!!!!!!!!!!!!!!!!!!!!!!!!!!!!!!!!!!!!!!!!!!!!!!!!!!!!!!!!!!!!!!!!!!!!!
INFO  [2013-11-04 21:34:25,111] com.yammer.dropwizard.cli.ServerCommand: Starting procurement-service
INFO  [2013-11-04 21:34:25,117] org.eclipse.jetty.server.Server: jetty-8.1.10.v20130312
INFO  [2013-11-04 21:34:25,700] com.sun.jersey.server.impl.application.WebApplicationImpl: Initiating Jersey application, version 'Jersey: 1.17.1 02/28/2013 12:47 PM'
INFO  [2013-11-04 21:34:25,920] com.yammer.dropwizard.config.Environment: The following paths were found for the configured resources:


INFO  [2013-11-04 21:34:25,920] com.yammer.dropwizard.config.Environment: tasks = 

    POST    /tasks/gc (com.yammer.dropwizard.tasks.GarbageCollectionTask)

ERROR [2013-11-04 21:34:26,774] com.sun.jersey.server.impl.application.RootResourceUriRules: The ResourceConfig instance does not contain any root resource classes.
WARN  [2013-11-04 21:34:26,800] /: unavailable
! com.sun.jersey.api.container.ContainerException: The ResourceConfig instance does not contain any root resource classes.
! at com.sun.jersey.server.impl.application.RootResourceUriRules.<init>(RootResourceUriRules.java:99) ~[jersey-server-1.17.1.jar:1.17.1]
! at com.sun.jersey.server.impl.application.WebApplicationImpl._initiate(WebApplicationImpl.java:1331) ~[jersey-server-1.17.1.jar:1.17.1]
! at com.sun.jersey.server.impl.application.WebApplicationImpl.access$700(WebApplicationImpl.java:168) ~[jersey-server-1.17.1.jar:1.17.1]
! at com.sun.jersey.server.impl.application.WebApplicationImpl$13.f(WebApplicationImpl.java:774) ~[jersey-server-1.17.1.jar:1.17.1]
! at com.sun.jersey.server.impl.application.WebApplicationImpl$13.f(WebApplicationImpl.java:770) ~[jersey-server-1.17.1.jar:1.17.1]
! at com.sun.jersey.spi.inject.Errors.processWithErrors(Errors.java:193) ~[jersey-core-1.17.1.jar:1.17.1]
! at com.sun.jersey.server.impl.application.WebApplicationImpl.initiate(WebApplicationImpl.java:770) ~[jersey-server-1.17.1.jar:1.17.1]
! at com.sun.jersey.server.impl.application.WebApplicationImpl.initiate(WebApplicationImpl.java:765) ~[jersey-server-1.17.1.jar:1.17.1]
! at com.sun.jersey.spi.container.servlet.ServletContainer.initiate(ServletContainer.java:489) ~[jersey-servlet-1.17.1.jar:1.17.1]
! at com.sun.jersey.spi.container.servlet.ServletContainer$InternalWebComponent.initiate(ServletContainer.java:319) ~[jersey-servlet-1.17.1.jar:1.17.1]
! at com.sun.jersey.spi.container.servlet.WebComponent.load(WebComponent.java:605) ~[jersey-servlet-1.17.1.jar:1.17.1]
! at com.sun.jersey.spi.container.servlet.WebComponent.init(WebComponent.java:210) ~[jersey-servlet-1.17.1.jar:1.17.1]
! at com.sun.jersey.spi.container.servlet.ServletContainer.init(ServletContainer.java:374) ~[jersey-servlet-1.17.1.jar:1.17.1]
! at com.sun.jersey.spi.container.servlet.ServletContainer.init(ServletContainer.java:557) ~[jersey-servlet-1.17.1.jar:1.17.1]
! at javax.servlet.GenericServlet.init(GenericServlet.java:244) ~[javax.servlet-3.0.0.v201112011016.jar:na]
! at org.eclipse.jetty.servlet.ServletHolder.initServlet(ServletHolder.java:519) ~[jetty-servlet-8.1.10.v20130312.jar:8.1.10.v20130312]
! at org.eclipse.jetty.servlet.ServletHolder.doStart(ServletHolder.java:331) ~[jetty-servlet-8.1.10.v20130312.jar:8.1.10.v20130312]
! at org.eclipse.jetty.util.component.AbstractLifeCycle.start(AbstractLifeCycle.java:64) ~[jetty-util-8.1.10.v20130312.jar:8.1.10.v20130312]
! at org.eclipse.jetty.servlet.ServletHandler.initialize(ServletHandler.java:742) ~[jetty-servlet-8.1.10.v20130312.jar:8.1.10.v20130312]
! at org.eclipse.jetty.servlet.ServletContextHandler.startContext(ServletContextHandler.java:265) ~[jetty-servlet-8.1.10.v20130312.jar:8.1.10.v20130312]
! at org.eclipse.jetty.server.handler.ContextHandler.doStart(ContextHandler.java:710) ~[jetty-server-8.1.10.v20130312.jar:8.1.10.v20130312]
! at org.eclipse.jetty.util.component.AbstractLifeCycle.start(AbstractLifeCycle.java:64) ~[jetty-util-8.1.10.v20130312.jar:8.1.10.v20130312]
! at org.eclipse.jetty.server.handler.HandlerWrapper.doStart(HandlerWrapper.java:95) ~[jetty-server-8.1.10.v20130312.jar:8.1.10.v20130312]
! at org.eclipse.jetty.util.component.AbstractLifeCycle.start(AbstractLifeCycle.java:64) ~[jetty-util-8.1.10.v20130312.jar:8.1.10.v20130312]
! at org.eclipse.jetty.server.handler.HandlerWrapper.doStart(HandlerWrapper.java:95) ~[jetty-server-8.1.10.v20130312.jar:8.1.10.v20130312]
! at org.eclipse.jetty.util.component.AbstractLifeCycle.start(AbstractLifeCycle.java:64) ~[jetty-util-8.1.10.v20130312.jar:8.1.10.v20130312]
! at org.eclipse.jetty.server.handler.HandlerCollection.doStart(HandlerCollection.java:229) ~[jetty-server-8.1.10.v20130312.jar:8.1.10.v20130312]
! at org.eclipse.jetty.util.component.AbstractLifeCycle.start(AbstractLifeCycle.java:64) ~[jetty-util-8.1.10.v20130312.jar:8.1.10.v20130312]
! at org.eclipse.jetty.server.handler.HandlerWrapper.doStart(HandlerWrapper.java:95) ~[jetty-server-8.1.10.v20130312.jar:8.1.10.v20130312]
! at org.eclipse.jetty.server.Server.doStart(Server.java:280) ~[jetty-server-8.1.10.v20130312.jar:8.1.10.v20130312]
! at org.eclipse.jetty.util.component.AbstractLifeCycle.start(AbstractLifeCycle.java:64) ~[jetty-util-8.1.10.v20130312.jar:8.1.10.v20130312]
! at com.yammer.dropwizard.cli.ServerCommand.run(ServerCommand.java:48) ~[dropwizard-core-0.6.2.jar:na]
! at com.yammer.dropwizard.cli.EnvironmentCommand.run(EnvironmentCommand.java:39) ~[dropwizard-core-0.6.2.jar:na]
! at com.yammer.dropwizard.cli.ConfiguredCommand.run(ConfiguredCommand.java:58) ~[dropwizard-core-0.6.2.jar:na]
! at com.yammer.dropwizard.cli.Cli.run(Cli.java:53) ~[dropwizard-core-0.6.2.jar:na]
! at com.yammer.dropwizard.Service.run(Service.java:61) ~[dropwizard-core-0.6.2.jar:na]
! at edu.sjsu.cmpe.procurement.ProcurementService.main(ProcurementService.java:28) ~[classes/:na]
INFO  [2013-11-04 21:34:26,834] org.eclipse.jetty.server.AbstractConnector: Started InstrumentedBlockingChannelConnector@0.0.0.0:8080
INFO  [2013-11-04 21:34:26,841] org.eclipse.jetty.server.AbstractConnector: Started SocketConnector@0.0.0.0:9000
INFO  [2013-11-04 23:16:32,890] org.quartz.impl.StdSchedulerFactory: Using default implementation for ThreadExecutor
INFO  [2013-11-04 23:16:32,974] org.quartz.simpl.SimpleThreadPool: Job execution threads will use class loader of thread: main
INFO  [2013-11-04 23:16:33,228] org.quartz.core.SchedulerSignalerImpl: Initialized Scheduler Signaller of type: class org.quartz.core.SchedulerSignalerImpl
INFO  [2013-11-04 23:16:33,233] org.quartz.core.QuartzScheduler: Quartz Scheduler v.2.2.0 created.
INFO  [2013-11-04 23:16:33,236] org.quartz.simpl.RAMJobStore: RAMJobStore initialized.
INFO  [2013-11-04 23:16:33,239] org.quartz.core.QuartzScheduler: Scheduler meta-data: Quartz Scheduler (v2.2.0) 'DefaultQuartzScheduler' with instanceId 'NON_CLUSTERED'
  Scheduler class: 'org.quartz.core.QuartzScheduler' - running locally.
  NOT STARTED.
  Currently in standby mode.
  Number of jobs executed: 0
  Using thread pool 'org.quartz.simpl.SimpleThreadPool' - with 10 threads.
  Using job-store 'org.quartz.simpl.RAMJobStore' - which does not support persistence. and is not clustered.

INFO  [2013-11-04 23:16:33,239] org.quartz.impl.StdSchedulerFactory: Quartz scheduler 'DefaultQuartzScheduler' initialized from default resource file in Quartz package: 'quartz.properties'
INFO  [2013-11-04 23:16:33,240] org.quartz.impl.StdSchedulerFactory: Quartz scheduler version: 2.2.0
INFO  [2013-11-04 23:16:33,339] org.quartz.core.QuartzScheduler: Scheduler DefaultQuartzScheduler_$_NON_CLUSTERED started.
WARN  [2013-11-04 23:16:33,411] com.yammer.dropwizard.config.ServerFactory: 
!!!!!!!!!!!!!!!!!!!!!!!!!!!!!!!!!!!!!!!!!!!!!!!!!!!!!!!!!!!!!!!!!!!!!!!!!!!!!!!!
!!!!!!!!!!!!!!!!!!!!!!!!!!!!!!!!!!!!!!!!!!!!!!!!!!!!!!!!!!!!!!!!!!!!!!!!!!!!!!!!
!    THIS SERVICE HAS NO HEALTHCHECKS. THIS MEANS YOU WILL NEVER KNOW IF IT    !
!    DIES IN PRODUCTION, WHICH MEANS YOU WILL NEVER KNOW IF YOU'RE LETTING     !
!     YOUR USERS DOWN. YOU SHOULD ADD A HEALTHCHECK FOR EACH DEPENDENCY OF     !
!     YOUR SERVICE WHICH FULLY (BUT LIGHTLY) TESTS YOUR SERVICE'S ABILITY TO   !
!      USE THAT SERVICE. THINK OF IT AS A CONTINUOUS INTEGRATION TEST.         !
!!!!!!!!!!!!!!!!!!!!!!!!!!!!!!!!!!!!!!!!!!!!!!!!!!!!!!!!!!!!!!!!!!!!!!!!!!!!!!!!
!!!!!!!!!!!!!!!!!!!!!!!!!!!!!!!!!!!!!!!!!!!!!!!!!!!!!!!!!!!!!!!!!!!!!!!!!!!!!!!!
INFO  [2013-11-04 23:16:33,786] com.yammer.dropwizard.cli.ServerCommand: Starting procurement-service
INFO  [2013-11-04 23:16:33,794] org.eclipse.jetty.server.Server: jetty-8.1.10.v20130312
INFO  [2013-11-04 23:16:34,357] com.sun.jersey.server.impl.application.WebApplicationImpl: Initiating Jersey application, version 'Jersey: 1.17.1 02/28/2013 12:47 PM'
INFO  [2013-11-04 23:16:34,566] com.yammer.dropwizard.config.Environment: The following paths were found for the configured resources:


INFO  [2013-11-04 23:16:34,567] com.yammer.dropwizard.config.Environment: tasks = 

    POST    /tasks/gc (com.yammer.dropwizard.tasks.GarbageCollectionTask)

ERROR [2013-11-04 23:16:35,802] com.sun.jersey.server.impl.application.RootResourceUriRules: The ResourceConfig instance does not contain any root resource classes.
WARN  [2013-11-04 23:16:35,965] /: unavailable
! com.sun.jersey.api.container.ContainerException: The ResourceConfig instance does not contain any root resource classes.
! at com.sun.jersey.server.impl.application.RootResourceUriRules.<init>(RootResourceUriRules.java:99) ~[jersey-server-1.17.1.jar:1.17.1]
! at com.sun.jersey.server.impl.application.WebApplicationImpl._initiate(WebApplicationImpl.java:1331) ~[jersey-server-1.17.1.jar:1.17.1]
! at com.sun.jersey.server.impl.application.WebApplicationImpl.access$700(WebApplicationImpl.java:168) ~[jersey-server-1.17.1.jar:1.17.1]
! at com.sun.jersey.server.impl.application.WebApplicationImpl$13.f(WebApplicationImpl.java:774) ~[jersey-server-1.17.1.jar:1.17.1]
! at com.sun.jersey.server.impl.application.WebApplicationImpl$13.f(WebApplicationImpl.java:770) ~[jersey-server-1.17.1.jar:1.17.1]
! at com.sun.jersey.spi.inject.Errors.processWithErrors(Errors.java:193) ~[jersey-core-1.17.1.jar:1.17.1]
! at com.sun.jersey.server.impl.application.WebApplicationImpl.initiate(WebApplicationImpl.java:770) ~[jersey-server-1.17.1.jar:1.17.1]
! at com.sun.jersey.server.impl.application.WebApplicationImpl.initiate(WebApplicationImpl.java:765) ~[jersey-server-1.17.1.jar:1.17.1]
! at com.sun.jersey.spi.container.servlet.ServletContainer.initiate(ServletContainer.java:489) ~[jersey-servlet-1.17.1.jar:1.17.1]
! at com.sun.jersey.spi.container.servlet.ServletContainer$InternalWebComponent.initiate(ServletContainer.java:319) ~[jersey-servlet-1.17.1.jar:1.17.1]
! at com.sun.jersey.spi.container.servlet.WebComponent.load(WebComponent.java:605) ~[jersey-servlet-1.17.1.jar:1.17.1]
! at com.sun.jersey.spi.container.servlet.WebComponent.init(WebComponent.java:210) ~[jersey-servlet-1.17.1.jar:1.17.1]
! at com.sun.jersey.spi.container.servlet.ServletContainer.init(ServletContainer.java:374) ~[jersey-servlet-1.17.1.jar:1.17.1]
! at com.sun.jersey.spi.container.servlet.ServletContainer.init(ServletContainer.java:557) ~[jersey-servlet-1.17.1.jar:1.17.1]
! at javax.servlet.GenericServlet.init(GenericServlet.java:244) ~[javax.servlet-3.0.0.v201112011016.jar:na]
! at org.eclipse.jetty.servlet.ServletHolder.initServlet(ServletHolder.java:519) ~[jetty-servlet-8.1.10.v20130312.jar:8.1.10.v20130312]
! at org.eclipse.jetty.servlet.ServletHolder.doStart(ServletHolder.java:331) ~[jetty-servlet-8.1.10.v20130312.jar:8.1.10.v20130312]
! at org.eclipse.jetty.util.component.AbstractLifeCycle.start(AbstractLifeCycle.java:64) ~[jetty-util-8.1.10.v20130312.jar:8.1.10.v20130312]
! at org.eclipse.jetty.servlet.ServletHandler.initialize(ServletHandler.java:742) ~[jetty-servlet-8.1.10.v20130312.jar:8.1.10.v20130312]
! at org.eclipse.jetty.servlet.ServletContextHandler.startContext(ServletContextHandler.java:265) ~[jetty-servlet-8.1.10.v20130312.jar:8.1.10.v20130312]
! at org.eclipse.jetty.server.handler.ContextHandler.doStart(ContextHandler.java:710) ~[jetty-server-8.1.10.v20130312.jar:8.1.10.v20130312]
! at org.eclipse.jetty.util.component.AbstractLifeCycle.start(AbstractLifeCycle.java:64) ~[jetty-util-8.1.10.v20130312.jar:8.1.10.v20130312]
! at org.eclipse.jetty.server.handler.HandlerWrapper.doStart(HandlerWrapper.java:95) ~[jetty-server-8.1.10.v20130312.jar:8.1.10.v20130312]
! at org.eclipse.jetty.util.component.AbstractLifeCycle.start(AbstractLifeCycle.java:64) ~[jetty-util-8.1.10.v20130312.jar:8.1.10.v20130312]
! at org.eclipse.jetty.server.handler.HandlerWrapper.doStart(HandlerWrapper.java:95) ~[jetty-server-8.1.10.v20130312.jar:8.1.10.v20130312]
! at org.eclipse.jetty.util.component.AbstractLifeCycle.start(AbstractLifeCycle.java:64) ~[jetty-util-8.1.10.v20130312.jar:8.1.10.v20130312]
! at org.eclipse.jetty.server.handler.HandlerCollection.doStart(HandlerCollection.java:229) ~[jetty-server-8.1.10.v20130312.jar:8.1.10.v20130312]
! at org.eclipse.jetty.util.component.AbstractLifeCycle.start(AbstractLifeCycle.java:64) ~[jetty-util-8.1.10.v20130312.jar:8.1.10.v20130312]
! at org.eclipse.jetty.server.handler.HandlerWrapper.doStart(HandlerWrapper.java:95) ~[jetty-server-8.1.10.v20130312.jar:8.1.10.v20130312]
! at org.eclipse.jetty.server.Server.doStart(Server.java:280) ~[jetty-server-8.1.10.v20130312.jar:8.1.10.v20130312]
! at org.eclipse.jetty.util.component.AbstractLifeCycle.start(AbstractLifeCycle.java:64) ~[jetty-util-8.1.10.v20130312.jar:8.1.10.v20130312]
! at com.yammer.dropwizard.cli.ServerCommand.run(ServerCommand.java:48) ~[dropwizard-core-0.6.2.jar:na]
! at com.yammer.dropwizard.cli.EnvironmentCommand.run(EnvironmentCommand.java:39) ~[dropwizard-core-0.6.2.jar:na]
! at com.yammer.dropwizard.cli.ConfiguredCommand.run(ConfiguredCommand.java:58) ~[dropwizard-core-0.6.2.jar:na]
! at com.yammer.dropwizard.cli.Cli.run(Cli.java:53) ~[dropwizard-core-0.6.2.jar:na]
! at com.yammer.dropwizard.Service.run(Service.java:61) ~[dropwizard-core-0.6.2.jar:na]
! at edu.sjsu.cmpe.procurement.ProcurementService.main(ProcurementService.java:28) ~[classes/:na]
INFO  [2013-11-04 23:16:36,058] org.eclipse.jetty.server.AbstractConnector: Started InstrumentedBlockingChannelConnector@0.0.0.0:8080
INFO  [2013-11-04 23:16:36,086] org.eclipse.jetty.server.AbstractConnector: Started SocketConnector@0.0.0.0:9000
INFO  [2013-11-04 23:29:36,610] org.quartz.impl.StdSchedulerFactory: Using default implementation for ThreadExecutor
INFO  [2013-11-04 23:29:36,630] org.quartz.simpl.SimpleThreadPool: Job execution threads will use class loader of thread: main
INFO  [2013-11-04 23:29:36,711] org.quartz.core.SchedulerSignalerImpl: Initialized Scheduler Signaller of type: class org.quartz.core.SchedulerSignalerImpl
INFO  [2013-11-04 23:29:36,714] org.quartz.core.QuartzScheduler: Quartz Scheduler v.2.2.0 created.
INFO  [2013-11-04 23:29:36,719] org.quartz.simpl.RAMJobStore: RAMJobStore initialized.
INFO  [2013-11-04 23:29:36,721] org.quartz.core.QuartzScheduler: Scheduler meta-data: Quartz Scheduler (v2.2.0) 'DefaultQuartzScheduler' with instanceId 'NON_CLUSTERED'
  Scheduler class: 'org.quartz.core.QuartzScheduler' - running locally.
  NOT STARTED.
  Currently in standby mode.
  Number of jobs executed: 0
  Using thread pool 'org.quartz.simpl.SimpleThreadPool' - with 10 threads.
  Using job-store 'org.quartz.simpl.RAMJobStore' - which does not support persistence. and is not clustered.

INFO  [2013-11-04 23:29:36,721] org.quartz.impl.StdSchedulerFactory: Quartz scheduler 'DefaultQuartzScheduler' initialized from default resource file in Quartz package: 'quartz.properties'
INFO  [2013-11-04 23:29:36,721] org.quartz.impl.StdSchedulerFactory: Quartz scheduler version: 2.2.0
INFO  [2013-11-04 23:29:36,758] org.quartz.core.QuartzScheduler: Scheduler DefaultQuartzScheduler_$_NON_CLUSTERED started.
WARN  [2013-11-04 23:29:36,830] com.yammer.dropwizard.config.ServerFactory: 
!!!!!!!!!!!!!!!!!!!!!!!!!!!!!!!!!!!!!!!!!!!!!!!!!!!!!!!!!!!!!!!!!!!!!!!!!!!!!!!!
!!!!!!!!!!!!!!!!!!!!!!!!!!!!!!!!!!!!!!!!!!!!!!!!!!!!!!!!!!!!!!!!!!!!!!!!!!!!!!!!
!    THIS SERVICE HAS NO HEALTHCHECKS. THIS MEANS YOU WILL NEVER KNOW IF IT    !
!    DIES IN PRODUCTION, WHICH MEANS YOU WILL NEVER KNOW IF YOU'RE LETTING     !
!     YOUR USERS DOWN. YOU SHOULD ADD A HEALTHCHECK FOR EACH DEPENDENCY OF     !
!     YOUR SERVICE WHICH FULLY (BUT LIGHTLY) TESTS YOUR SERVICE'S ABILITY TO   !
!      USE THAT SERVICE. THINK OF IT AS A CONTINUOUS INTEGRATION TEST.         !
!!!!!!!!!!!!!!!!!!!!!!!!!!!!!!!!!!!!!!!!!!!!!!!!!!!!!!!!!!!!!!!!!!!!!!!!!!!!!!!!
!!!!!!!!!!!!!!!!!!!!!!!!!!!!!!!!!!!!!!!!!!!!!!!!!!!!!!!!!!!!!!!!!!!!!!!!!!!!!!!!
INFO  [2013-11-04 23:29:37,217] com.yammer.dropwizard.cli.ServerCommand: Starting procurement-service
INFO  [2013-11-04 23:29:37,225] org.eclipse.jetty.server.Server: jetty-8.1.10.v20130312
INFO  [2013-11-04 23:29:37,783] com.sun.jersey.server.impl.application.WebApplicationImpl: Initiating Jersey application, version 'Jersey: 1.17.1 02/28/2013 12:47 PM'
INFO  [2013-11-04 23:29:38,020] com.yammer.dropwizard.config.Environment: The following paths were found for the configured resources:


INFO  [2013-11-04 23:29:38,021] com.yammer.dropwizard.config.Environment: tasks = 

    POST    /tasks/gc (com.yammer.dropwizard.tasks.GarbageCollectionTask)

ERROR [2013-11-04 23:29:39,060] com.sun.jersey.server.impl.application.RootResourceUriRules: The ResourceConfig instance does not contain any root resource classes.
WARN  [2013-11-04 23:29:39,079] /: unavailable
! com.sun.jersey.api.container.ContainerException: The ResourceConfig instance does not contain any root resource classes.
! at com.sun.jersey.server.impl.application.RootResourceUriRules.<init>(RootResourceUriRules.java:99) ~[jersey-server-1.17.1.jar:1.17.1]
! at com.sun.jersey.server.impl.application.WebApplicationImpl._initiate(WebApplicationImpl.java:1331) ~[jersey-server-1.17.1.jar:1.17.1]
! at com.sun.jersey.server.impl.application.WebApplicationImpl.access$700(WebApplicationImpl.java:168) ~[jersey-server-1.17.1.jar:1.17.1]
! at com.sun.jersey.server.impl.application.WebApplicationImpl$13.f(WebApplicationImpl.java:774) ~[jersey-server-1.17.1.jar:1.17.1]
! at com.sun.jersey.server.impl.application.WebApplicationImpl$13.f(WebApplicationImpl.java:770) ~[jersey-server-1.17.1.jar:1.17.1]
! at com.sun.jersey.spi.inject.Errors.processWithErrors(Errors.java:193) ~[jersey-core-1.17.1.jar:1.17.1]
! at com.sun.jersey.server.impl.application.WebApplicationImpl.initiate(WebApplicationImpl.java:770) ~[jersey-server-1.17.1.jar:1.17.1]
! at com.sun.jersey.server.impl.application.WebApplicationImpl.initiate(WebApplicationImpl.java:765) ~[jersey-server-1.17.1.jar:1.17.1]
! at com.sun.jersey.spi.container.servlet.ServletContainer.initiate(ServletContainer.java:489) ~[jersey-servlet-1.17.1.jar:1.17.1]
! at com.sun.jersey.spi.container.servlet.ServletContainer$InternalWebComponent.initiate(ServletContainer.java:319) ~[jersey-servlet-1.17.1.jar:1.17.1]
! at com.sun.jersey.spi.container.servlet.WebComponent.load(WebComponent.java:605) ~[jersey-servlet-1.17.1.jar:1.17.1]
! at com.sun.jersey.spi.container.servlet.WebComponent.init(WebComponent.java:210) ~[jersey-servlet-1.17.1.jar:1.17.1]
! at com.sun.jersey.spi.container.servlet.ServletContainer.init(ServletContainer.java:374) ~[jersey-servlet-1.17.1.jar:1.17.1]
! at com.sun.jersey.spi.container.servlet.ServletContainer.init(ServletContainer.java:557) ~[jersey-servlet-1.17.1.jar:1.17.1]
! at javax.servlet.GenericServlet.init(GenericServlet.java:244) ~[javax.servlet-3.0.0.v201112011016.jar:na]
! at org.eclipse.jetty.servlet.ServletHolder.initServlet(ServletHolder.java:519) ~[jetty-servlet-8.1.10.v20130312.jar:8.1.10.v20130312]
! at org.eclipse.jetty.servlet.ServletHolder.doStart(ServletHolder.java:331) ~[jetty-servlet-8.1.10.v20130312.jar:8.1.10.v20130312]
! at org.eclipse.jetty.util.component.AbstractLifeCycle.start(AbstractLifeCycle.java:64) ~[jetty-util-8.1.10.v20130312.jar:8.1.10.v20130312]
! at org.eclipse.jetty.servlet.ServletHandler.initialize(ServletHandler.java:742) ~[jetty-servlet-8.1.10.v20130312.jar:8.1.10.v20130312]
! at org.eclipse.jetty.servlet.ServletContextHandler.startContext(ServletContextHandler.java:265) ~[jetty-servlet-8.1.10.v20130312.jar:8.1.10.v20130312]
! at org.eclipse.jetty.server.handler.ContextHandler.doStart(ContextHandler.java:710) ~[jetty-server-8.1.10.v20130312.jar:8.1.10.v20130312]
! at org.eclipse.jetty.util.component.AbstractLifeCycle.start(AbstractLifeCycle.java:64) ~[jetty-util-8.1.10.v20130312.jar:8.1.10.v20130312]
! at org.eclipse.jetty.server.handler.HandlerWrapper.doStart(HandlerWrapper.java:95) ~[jetty-server-8.1.10.v20130312.jar:8.1.10.v20130312]
! at org.eclipse.jetty.util.component.AbstractLifeCycle.start(AbstractLifeCycle.java:64) ~[jetty-util-8.1.10.v20130312.jar:8.1.10.v20130312]
! at org.eclipse.jetty.server.handler.HandlerWrapper.doStart(HandlerWrapper.java:95) ~[jetty-server-8.1.10.v20130312.jar:8.1.10.v20130312]
! at org.eclipse.jetty.util.component.AbstractLifeCycle.start(AbstractLifeCycle.java:64) ~[jetty-util-8.1.10.v20130312.jar:8.1.10.v20130312]
! at org.eclipse.jetty.server.handler.HandlerCollection.doStart(HandlerCollection.java:229) ~[jetty-server-8.1.10.v20130312.jar:8.1.10.v20130312]
! at org.eclipse.jetty.util.component.AbstractLifeCycle.start(AbstractLifeCycle.java:64) ~[jetty-util-8.1.10.v20130312.jar:8.1.10.v20130312]
! at org.eclipse.jetty.server.handler.HandlerWrapper.doStart(HandlerWrapper.java:95) ~[jetty-server-8.1.10.v20130312.jar:8.1.10.v20130312]
! at org.eclipse.jetty.server.Server.doStart(Server.java:280) ~[jetty-server-8.1.10.v20130312.jar:8.1.10.v20130312]
! at org.eclipse.jetty.util.component.AbstractLifeCycle.start(AbstractLifeCycle.java:64) ~[jetty-util-8.1.10.v20130312.jar:8.1.10.v20130312]
! at com.yammer.dropwizard.cli.ServerCommand.run(ServerCommand.java:48) ~[dropwizard-core-0.6.2.jar:na]
! at com.yammer.dropwizard.cli.EnvironmentCommand.run(EnvironmentCommand.java:39) ~[dropwizard-core-0.6.2.jar:na]
! at com.yammer.dropwizard.cli.ConfiguredCommand.run(ConfiguredCommand.java:58) ~[dropwizard-core-0.6.2.jar:na]
! at com.yammer.dropwizard.cli.Cli.run(Cli.java:53) ~[dropwizard-core-0.6.2.jar:na]
! at com.yammer.dropwizard.Service.run(Service.java:61) ~[dropwizard-core-0.6.2.jar:na]
! at edu.sjsu.cmpe.procurement.ProcurementService.main(ProcurementService.java:28) ~[classes/:na]
INFO  [2013-11-04 23:29:39,104] org.eclipse.jetty.server.AbstractConnector: Started InstrumentedBlockingChannelConnector@0.0.0.0:8080
INFO  [2013-11-04 23:29:39,119] org.eclipse.jetty.server.AbstractConnector: Started SocketConnector@0.0.0.0:9000
INFO  [2013-11-04 23:34:02,689] org.quartz.impl.StdSchedulerFactory: Using default implementation for ThreadExecutor
INFO  [2013-11-04 23:34:02,704] org.quartz.simpl.SimpleThreadPool: Job execution threads will use class loader of thread: main
INFO  [2013-11-04 23:34:02,748] org.quartz.core.SchedulerSignalerImpl: Initialized Scheduler Signaller of type: class org.quartz.core.SchedulerSignalerImpl
INFO  [2013-11-04 23:34:02,751] org.quartz.core.QuartzScheduler: Quartz Scheduler v.2.2.0 created.
INFO  [2013-11-04 23:34:02,754] org.quartz.simpl.RAMJobStore: RAMJobStore initialized.
INFO  [2013-11-04 23:34:02,756] org.quartz.core.QuartzScheduler: Scheduler meta-data: Quartz Scheduler (v2.2.0) 'DefaultQuartzScheduler' with instanceId 'NON_CLUSTERED'
  Scheduler class: 'org.quartz.core.QuartzScheduler' - running locally.
  NOT STARTED.
  Currently in standby mode.
  Number of jobs executed: 0
  Using thread pool 'org.quartz.simpl.SimpleThreadPool' - with 10 threads.
  Using job-store 'org.quartz.simpl.RAMJobStore' - which does not support persistence. and is not clustered.

INFO  [2013-11-04 23:34:02,756] org.quartz.impl.StdSchedulerFactory: Quartz scheduler 'DefaultQuartzScheduler' initialized from default resource file in Quartz package: 'quartz.properties'
INFO  [2013-11-04 23:34:02,756] org.quartz.impl.StdSchedulerFactory: Quartz scheduler version: 2.2.0
INFO  [2013-11-04 23:34:02,778] org.quartz.core.QuartzScheduler: Scheduler DefaultQuartzScheduler_$_NON_CLUSTERED started.
WARN  [2013-11-04 23:34:02,844] com.yammer.dropwizard.config.ServerFactory: 
!!!!!!!!!!!!!!!!!!!!!!!!!!!!!!!!!!!!!!!!!!!!!!!!!!!!!!!!!!!!!!!!!!!!!!!!!!!!!!!!
!!!!!!!!!!!!!!!!!!!!!!!!!!!!!!!!!!!!!!!!!!!!!!!!!!!!!!!!!!!!!!!!!!!!!!!!!!!!!!!!
!    THIS SERVICE HAS NO HEALTHCHECKS. THIS MEANS YOU WILL NEVER KNOW IF IT    !
!    DIES IN PRODUCTION, WHICH MEANS YOU WILL NEVER KNOW IF YOU'RE LETTING     !
!     YOUR USERS DOWN. YOU SHOULD ADD A HEALTHCHECK FOR EACH DEPENDENCY OF     !
!     YOUR SERVICE WHICH FULLY (BUT LIGHTLY) TESTS YOUR SERVICE'S ABILITY TO   !
!      USE THAT SERVICE. THINK OF IT AS A CONTINUOUS INTEGRATION TEST.         !
!!!!!!!!!!!!!!!!!!!!!!!!!!!!!!!!!!!!!!!!!!!!!!!!!!!!!!!!!!!!!!!!!!!!!!!!!!!!!!!!
!!!!!!!!!!!!!!!!!!!!!!!!!!!!!!!!!!!!!!!!!!!!!!!!!!!!!!!!!!!!!!!!!!!!!!!!!!!!!!!!
INFO  [2013-11-04 23:34:03,229] com.yammer.dropwizard.cli.ServerCommand: Starting procurement-service
INFO  [2013-11-04 23:34:03,236] org.eclipse.jetty.server.Server: jetty-8.1.10.v20130312
INFO  [2013-11-04 23:34:03,814] com.sun.jersey.server.impl.application.WebApplicationImpl: Initiating Jersey application, version 'Jersey: 1.17.1 02/28/2013 12:47 PM'
INFO  [2013-11-04 23:34:04,039] com.yammer.dropwizard.config.Environment: The following paths were found for the configured resources:


INFO  [2013-11-04 23:34:04,040] com.yammer.dropwizard.config.Environment: tasks = 

    POST    /tasks/gc (com.yammer.dropwizard.tasks.GarbageCollectionTask)

ERROR [2013-11-04 23:34:05,052] com.sun.jersey.server.impl.application.RootResourceUriRules: The ResourceConfig instance does not contain any root resource classes.
WARN  [2013-11-04 23:34:05,070] /: unavailable
! com.sun.jersey.api.container.ContainerException: The ResourceConfig instance does not contain any root resource classes.
! at com.sun.jersey.server.impl.application.RootResourceUriRules.<init>(RootResourceUriRules.java:99) ~[jersey-server-1.17.1.jar:1.17.1]
! at com.sun.jersey.server.impl.application.WebApplicationImpl._initiate(WebApplicationImpl.java:1331) ~[jersey-server-1.17.1.jar:1.17.1]
! at com.sun.jersey.server.impl.application.WebApplicationImpl.access$700(WebApplicationImpl.java:168) ~[jersey-server-1.17.1.jar:1.17.1]
! at com.sun.jersey.server.impl.application.WebApplicationImpl$13.f(WebApplicationImpl.java:774) ~[jersey-server-1.17.1.jar:1.17.1]
! at com.sun.jersey.server.impl.application.WebApplicationImpl$13.f(WebApplicationImpl.java:770) ~[jersey-server-1.17.1.jar:1.17.1]
! at com.sun.jersey.spi.inject.Errors.processWithErrors(Errors.java:193) ~[jersey-core-1.17.1.jar:1.17.1]
! at com.sun.jersey.server.impl.application.WebApplicationImpl.initiate(WebApplicationImpl.java:770) ~[jersey-server-1.17.1.jar:1.17.1]
! at com.sun.jersey.server.impl.application.WebApplicationImpl.initiate(WebApplicationImpl.java:765) ~[jersey-server-1.17.1.jar:1.17.1]
! at com.sun.jersey.spi.container.servlet.ServletContainer.initiate(ServletContainer.java:489) ~[jersey-servlet-1.17.1.jar:1.17.1]
! at com.sun.jersey.spi.container.servlet.ServletContainer$InternalWebComponent.initiate(ServletContainer.java:319) ~[jersey-servlet-1.17.1.jar:1.17.1]
! at com.sun.jersey.spi.container.servlet.WebComponent.load(WebComponent.java:605) ~[jersey-servlet-1.17.1.jar:1.17.1]
! at com.sun.jersey.spi.container.servlet.WebComponent.init(WebComponent.java:210) ~[jersey-servlet-1.17.1.jar:1.17.1]
! at com.sun.jersey.spi.container.servlet.ServletContainer.init(ServletContainer.java:374) ~[jersey-servlet-1.17.1.jar:1.17.1]
! at com.sun.jersey.spi.container.servlet.ServletContainer.init(ServletContainer.java:557) ~[jersey-servlet-1.17.1.jar:1.17.1]
! at javax.servlet.GenericServlet.init(GenericServlet.java:244) ~[javax.servlet-3.0.0.v201112011016.jar:na]
! at org.eclipse.jetty.servlet.ServletHolder.initServlet(ServletHolder.java:519) ~[jetty-servlet-8.1.10.v20130312.jar:8.1.10.v20130312]
! at org.eclipse.jetty.servlet.ServletHolder.doStart(ServletHolder.java:331) ~[jetty-servlet-8.1.10.v20130312.jar:8.1.10.v20130312]
! at org.eclipse.jetty.util.component.AbstractLifeCycle.start(AbstractLifeCycle.java:64) ~[jetty-util-8.1.10.v20130312.jar:8.1.10.v20130312]
! at org.eclipse.jetty.servlet.ServletHandler.initialize(ServletHandler.java:742) ~[jetty-servlet-8.1.10.v20130312.jar:8.1.10.v20130312]
! at org.eclipse.jetty.servlet.ServletContextHandler.startContext(ServletContextHandler.java:265) ~[jetty-servlet-8.1.10.v20130312.jar:8.1.10.v20130312]
! at org.eclipse.jetty.server.handler.ContextHandler.doStart(ContextHandler.java:710) ~[jetty-server-8.1.10.v20130312.jar:8.1.10.v20130312]
! at org.eclipse.jetty.util.component.AbstractLifeCycle.start(AbstractLifeCycle.java:64) ~[jetty-util-8.1.10.v20130312.jar:8.1.10.v20130312]
! at org.eclipse.jetty.server.handler.HandlerWrapper.doStart(HandlerWrapper.java:95) ~[jetty-server-8.1.10.v20130312.jar:8.1.10.v20130312]
! at org.eclipse.jetty.util.component.AbstractLifeCycle.start(AbstractLifeCycle.java:64) ~[jetty-util-8.1.10.v20130312.jar:8.1.10.v20130312]
! at org.eclipse.jetty.server.handler.HandlerWrapper.doStart(HandlerWrapper.java:95) ~[jetty-server-8.1.10.v20130312.jar:8.1.10.v20130312]
! at org.eclipse.jetty.util.component.AbstractLifeCycle.start(AbstractLifeCycle.java:64) ~[jetty-util-8.1.10.v20130312.jar:8.1.10.v20130312]
! at org.eclipse.jetty.server.handler.HandlerCollection.doStart(HandlerCollection.java:229) ~[jetty-server-8.1.10.v20130312.jar:8.1.10.v20130312]
! at org.eclipse.jetty.util.component.AbstractLifeCycle.start(AbstractLifeCycle.java:64) ~[jetty-util-8.1.10.v20130312.jar:8.1.10.v20130312]
! at org.eclipse.jetty.server.handler.HandlerWrapper.doStart(HandlerWrapper.java:95) ~[jetty-server-8.1.10.v20130312.jar:8.1.10.v20130312]
! at org.eclipse.jetty.server.Server.doStart(Server.java:280) ~[jetty-server-8.1.10.v20130312.jar:8.1.10.v20130312]
! at org.eclipse.jetty.util.component.AbstractLifeCycle.start(AbstractLifeCycle.java:64) ~[jetty-util-8.1.10.v20130312.jar:8.1.10.v20130312]
! at com.yammer.dropwizard.cli.ServerCommand.run(ServerCommand.java:48) ~[dropwizard-core-0.6.2.jar:na]
! at com.yammer.dropwizard.cli.EnvironmentCommand.run(EnvironmentCommand.java:39) ~[dropwizard-core-0.6.2.jar:na]
! at com.yammer.dropwizard.cli.ConfiguredCommand.run(ConfiguredCommand.java:58) ~[dropwizard-core-0.6.2.jar:na]
! at com.yammer.dropwizard.cli.Cli.run(Cli.java:53) ~[dropwizard-core-0.6.2.jar:na]
! at com.yammer.dropwizard.Service.run(Service.java:61) ~[dropwizard-core-0.6.2.jar:na]
! at edu.sjsu.cmpe.procurement.ProcurementService.main(ProcurementService.java:28) ~[classes/:na]
INFO  [2013-11-04 23:34:05,104] org.eclipse.jetty.server.AbstractConnector: Started InstrumentedBlockingChannelConnector@0.0.0.0:8080
WARN  [2013-11-04 23:34:05,117] org.eclipse.jetty.server.AbstractConnector: insufficient threads configured for SocketConnector@0.0.0.0:9000
INFO  [2013-11-04 23:34:05,117] org.eclipse.jetty.server.AbstractConnector: Started SocketConnector@0.0.0.0:9000
INFO  [2013-11-04 23:37:08,168] org.quartz.impl.StdSchedulerFactory: Using default implementation for ThreadExecutor
INFO  [2013-11-04 23:37:08,185] org.quartz.simpl.SimpleThreadPool: Job execution threads will use class loader of thread: main
INFO  [2013-11-04 23:37:08,236] org.quartz.core.SchedulerSignalerImpl: Initialized Scheduler Signaller of type: class org.quartz.core.SchedulerSignalerImpl
INFO  [2013-11-04 23:37:08,239] org.quartz.core.QuartzScheduler: Quartz Scheduler v.2.2.0 created.
INFO  [2013-11-04 23:37:08,244] org.quartz.simpl.RAMJobStore: RAMJobStore initialized.
INFO  [2013-11-04 23:37:08,247] org.quartz.core.QuartzScheduler: Scheduler meta-data: Quartz Scheduler (v2.2.0) 'DefaultQuartzScheduler' with instanceId 'NON_CLUSTERED'
  Scheduler class: 'org.quartz.core.QuartzScheduler' - running locally.
  NOT STARTED.
  Currently in standby mode.
  Number of jobs executed: 0
  Using thread pool 'org.quartz.simpl.SimpleThreadPool' - with 10 threads.
  Using job-store 'org.quartz.simpl.RAMJobStore' - which does not support persistence. and is not clustered.

INFO  [2013-11-04 23:37:08,247] org.quartz.impl.StdSchedulerFactory: Quartz scheduler 'DefaultQuartzScheduler' initialized from default resource file in Quartz package: 'quartz.properties'
INFO  [2013-11-04 23:37:08,247] org.quartz.impl.StdSchedulerFactory: Quartz scheduler version: 2.2.0
INFO  [2013-11-04 23:37:08,273] org.quartz.core.QuartzScheduler: Scheduler DefaultQuartzScheduler_$_NON_CLUSTERED started.
WARN  [2013-11-04 23:37:08,356] com.yammer.dropwizard.config.ServerFactory: 
!!!!!!!!!!!!!!!!!!!!!!!!!!!!!!!!!!!!!!!!!!!!!!!!!!!!!!!!!!!!!!!!!!!!!!!!!!!!!!!!
!!!!!!!!!!!!!!!!!!!!!!!!!!!!!!!!!!!!!!!!!!!!!!!!!!!!!!!!!!!!!!!!!!!!!!!!!!!!!!!!
!    THIS SERVICE HAS NO HEALTHCHECKS. THIS MEANS YOU WILL NEVER KNOW IF IT    !
!    DIES IN PRODUCTION, WHICH MEANS YOU WILL NEVER KNOW IF YOU'RE LETTING     !
!     YOUR USERS DOWN. YOU SHOULD ADD A HEALTHCHECK FOR EACH DEPENDENCY OF     !
!     YOUR SERVICE WHICH FULLY (BUT LIGHTLY) TESTS YOUR SERVICE'S ABILITY TO   !
!      USE THAT SERVICE. THINK OF IT AS A CONTINUOUS INTEGRATION TEST.         !
!!!!!!!!!!!!!!!!!!!!!!!!!!!!!!!!!!!!!!!!!!!!!!!!!!!!!!!!!!!!!!!!!!!!!!!!!!!!!!!!
!!!!!!!!!!!!!!!!!!!!!!!!!!!!!!!!!!!!!!!!!!!!!!!!!!!!!!!!!!!!!!!!!!!!!!!!!!!!!!!!
INFO  [2013-11-04 23:37:08,759] com.yammer.dropwizard.cli.ServerCommand: Starting procurement-service
INFO  [2013-11-04 23:37:08,768] org.eclipse.jetty.server.Server: jetty-8.1.10.v20130312
INFO  [2013-11-04 23:37:09,235] com.sun.jersey.server.impl.application.WebApplicationImpl: Initiating Jersey application, version 'Jersey: 1.17.1 02/28/2013 12:47 PM'
INFO  [2013-11-04 23:37:09,560] com.yammer.dropwizard.config.Environment: The following paths were found for the configured resources:


INFO  [2013-11-04 23:37:09,561] com.yammer.dropwizard.config.Environment: tasks = 

    POST    /tasks/gc (com.yammer.dropwizard.tasks.GarbageCollectionTask)

ERROR [2013-11-04 23:37:10,537] com.sun.jersey.server.impl.application.RootResourceUriRules: The ResourceConfig instance does not contain any root resource classes.
WARN  [2013-11-04 23:37:10,557] /: unavailable
! com.sun.jersey.api.container.ContainerException: The ResourceConfig instance does not contain any root resource classes.
! at com.sun.jersey.server.impl.application.RootResourceUriRules.<init>(RootResourceUriRules.java:99) ~[jersey-server-1.17.1.jar:1.17.1]
! at com.sun.jersey.server.impl.application.WebApplicationImpl._initiate(WebApplicationImpl.java:1331) ~[jersey-server-1.17.1.jar:1.17.1]
! at com.sun.jersey.server.impl.application.WebApplicationImpl.access$700(WebApplicationImpl.java:168) ~[jersey-server-1.17.1.jar:1.17.1]
! at com.sun.jersey.server.impl.application.WebApplicationImpl$13.f(WebApplicationImpl.java:774) ~[jersey-server-1.17.1.jar:1.17.1]
! at com.sun.jersey.server.impl.application.WebApplicationImpl$13.f(WebApplicationImpl.java:770) ~[jersey-server-1.17.1.jar:1.17.1]
! at com.sun.jersey.spi.inject.Errors.processWithErrors(Errors.java:193) ~[jersey-core-1.17.1.jar:1.17.1]
! at com.sun.jersey.server.impl.application.WebApplicationImpl.initiate(WebApplicationImpl.java:770) ~[jersey-server-1.17.1.jar:1.17.1]
! at com.sun.jersey.server.impl.application.WebApplicationImpl.initiate(WebApplicationImpl.java:765) ~[jersey-server-1.17.1.jar:1.17.1]
! at com.sun.jersey.spi.container.servlet.ServletContainer.initiate(ServletContainer.java:489) ~[jersey-servlet-1.17.1.jar:1.17.1]
! at com.sun.jersey.spi.container.servlet.ServletContainer$InternalWebComponent.initiate(ServletContainer.java:319) ~[jersey-servlet-1.17.1.jar:1.17.1]
! at com.sun.jersey.spi.container.servlet.WebComponent.load(WebComponent.java:605) ~[jersey-servlet-1.17.1.jar:1.17.1]
! at com.sun.jersey.spi.container.servlet.WebComponent.init(WebComponent.java:210) ~[jersey-servlet-1.17.1.jar:1.17.1]
! at com.sun.jersey.spi.container.servlet.ServletContainer.init(ServletContainer.java:374) ~[jersey-servlet-1.17.1.jar:1.17.1]
! at com.sun.jersey.spi.container.servlet.ServletContainer.init(ServletContainer.java:557) ~[jersey-servlet-1.17.1.jar:1.17.1]
! at javax.servlet.GenericServlet.init(GenericServlet.java:244) ~[javax.servlet-3.0.0.v201112011016.jar:na]
! at org.eclipse.jetty.servlet.ServletHolder.initServlet(ServletHolder.java:519) ~[jetty-servlet-8.1.10.v20130312.jar:8.1.10.v20130312]
! at org.eclipse.jetty.servlet.ServletHolder.doStart(ServletHolder.java:331) ~[jetty-servlet-8.1.10.v20130312.jar:8.1.10.v20130312]
! at org.eclipse.jetty.util.component.AbstractLifeCycle.start(AbstractLifeCycle.java:64) ~[jetty-util-8.1.10.v20130312.jar:8.1.10.v20130312]
! at org.eclipse.jetty.servlet.ServletHandler.initialize(ServletHandler.java:742) ~[jetty-servlet-8.1.10.v20130312.jar:8.1.10.v20130312]
! at org.eclipse.jetty.servlet.ServletContextHandler.startContext(ServletContextHandler.java:265) ~[jetty-servlet-8.1.10.v20130312.jar:8.1.10.v20130312]
! at org.eclipse.jetty.server.handler.ContextHandler.doStart(ContextHandler.java:710) ~[jetty-server-8.1.10.v20130312.jar:8.1.10.v20130312]
! at org.eclipse.jetty.util.component.AbstractLifeCycle.start(AbstractLifeCycle.java:64) ~[jetty-util-8.1.10.v20130312.jar:8.1.10.v20130312]
! at org.eclipse.jetty.server.handler.HandlerWrapper.doStart(HandlerWrapper.java:95) ~[jetty-server-8.1.10.v20130312.jar:8.1.10.v20130312]
! at org.eclipse.jetty.util.component.AbstractLifeCycle.start(AbstractLifeCycle.java:64) ~[jetty-util-8.1.10.v20130312.jar:8.1.10.v20130312]
! at org.eclipse.jetty.server.handler.HandlerWrapper.doStart(HandlerWrapper.java:95) ~[jetty-server-8.1.10.v20130312.jar:8.1.10.v20130312]
! at org.eclipse.jetty.util.component.AbstractLifeCycle.start(AbstractLifeCycle.java:64) ~[jetty-util-8.1.10.v20130312.jar:8.1.10.v20130312]
! at org.eclipse.jetty.server.handler.HandlerCollection.doStart(HandlerCollection.java:229) ~[jetty-server-8.1.10.v20130312.jar:8.1.10.v20130312]
! at org.eclipse.jetty.util.component.AbstractLifeCycle.start(AbstractLifeCycle.java:64) ~[jetty-util-8.1.10.v20130312.jar:8.1.10.v20130312]
! at org.eclipse.jetty.server.handler.HandlerWrapper.doStart(HandlerWrapper.java:95) ~[jetty-server-8.1.10.v20130312.jar:8.1.10.v20130312]
! at org.eclipse.jetty.server.Server.doStart(Server.java:280) ~[jetty-server-8.1.10.v20130312.jar:8.1.10.v20130312]
! at org.eclipse.jetty.util.component.AbstractLifeCycle.start(AbstractLifeCycle.java:64) ~[jetty-util-8.1.10.v20130312.jar:8.1.10.v20130312]
! at com.yammer.dropwizard.cli.ServerCommand.run(ServerCommand.java:48) ~[dropwizard-core-0.6.2.jar:na]
! at com.yammer.dropwizard.cli.EnvironmentCommand.run(EnvironmentCommand.java:39) ~[dropwizard-core-0.6.2.jar:na]
! at com.yammer.dropwizard.cli.ConfiguredCommand.run(ConfiguredCommand.java:58) ~[dropwizard-core-0.6.2.jar:na]
! at com.yammer.dropwizard.cli.Cli.run(Cli.java:53) ~[dropwizard-core-0.6.2.jar:na]
! at com.yammer.dropwizard.Service.run(Service.java:61) ~[dropwizard-core-0.6.2.jar:na]
! at edu.sjsu.cmpe.procurement.ProcurementService.main(ProcurementService.java:28) ~[classes/:na]
INFO  [2013-11-04 23:37:10,602] org.eclipse.jetty.server.AbstractConnector: Started InstrumentedBlockingChannelConnector@0.0.0.0:8080
INFO  [2013-11-04 23:37:10,610] org.eclipse.jetty.server.AbstractConnector: Started SocketConnector@0.0.0.0:9000
INFO  [2013-11-04 23:41:50,242] org.quartz.impl.StdSchedulerFactory: Using default implementation for ThreadExecutor
INFO  [2013-11-04 23:41:50,258] org.quartz.simpl.SimpleThreadPool: Job execution threads will use class loader of thread: main
INFO  [2013-11-04 23:41:50,317] org.quartz.core.SchedulerSignalerImpl: Initialized Scheduler Signaller of type: class org.quartz.core.SchedulerSignalerImpl
INFO  [2013-11-04 23:41:50,321] org.quartz.core.QuartzScheduler: Quartz Scheduler v.2.2.0 created.
INFO  [2013-11-04 23:41:50,325] org.quartz.simpl.RAMJobStore: RAMJobStore initialized.
INFO  [2013-11-04 23:41:50,327] org.quartz.core.QuartzScheduler: Scheduler meta-data: Quartz Scheduler (v2.2.0) 'DefaultQuartzScheduler' with instanceId 'NON_CLUSTERED'
  Scheduler class: 'org.quartz.core.QuartzScheduler' - running locally.
  NOT STARTED.
  Currently in standby mode.
  Number of jobs executed: 0
  Using thread pool 'org.quartz.simpl.SimpleThreadPool' - with 10 threads.
  Using job-store 'org.quartz.simpl.RAMJobStore' - which does not support persistence. and is not clustered.

INFO  [2013-11-04 23:41:50,327] org.quartz.impl.StdSchedulerFactory: Quartz scheduler 'DefaultQuartzScheduler' initialized from default resource file in Quartz package: 'quartz.properties'
INFO  [2013-11-04 23:41:50,327] org.quartz.impl.StdSchedulerFactory: Quartz scheduler version: 2.2.0
INFO  [2013-11-04 23:41:50,350] org.quartz.core.QuartzScheduler: Scheduler DefaultQuartzScheduler_$_NON_CLUSTERED started.
WARN  [2013-11-04 23:41:50,432] com.yammer.dropwizard.config.ServerFactory: 
!!!!!!!!!!!!!!!!!!!!!!!!!!!!!!!!!!!!!!!!!!!!!!!!!!!!!!!!!!!!!!!!!!!!!!!!!!!!!!!!
!!!!!!!!!!!!!!!!!!!!!!!!!!!!!!!!!!!!!!!!!!!!!!!!!!!!!!!!!!!!!!!!!!!!!!!!!!!!!!!!
!    THIS SERVICE HAS NO HEALTHCHECKS. THIS MEANS YOU WILL NEVER KNOW IF IT    !
!    DIES IN PRODUCTION, WHICH MEANS YOU WILL NEVER KNOW IF YOU'RE LETTING     !
!     YOUR USERS DOWN. YOU SHOULD ADD A HEALTHCHECK FOR EACH DEPENDENCY OF     !
!     YOUR SERVICE WHICH FULLY (BUT LIGHTLY) TESTS YOUR SERVICE'S ABILITY TO   !
!      USE THAT SERVICE. THINK OF IT AS A CONTINUOUS INTEGRATION TEST.         !
!!!!!!!!!!!!!!!!!!!!!!!!!!!!!!!!!!!!!!!!!!!!!!!!!!!!!!!!!!!!!!!!!!!!!!!!!!!!!!!!
!!!!!!!!!!!!!!!!!!!!!!!!!!!!!!!!!!!!!!!!!!!!!!!!!!!!!!!!!!!!!!!!!!!!!!!!!!!!!!!!
INFO  [2013-11-04 23:41:50,759] com.yammer.dropwizard.cli.ServerCommand: Starting procurement-service
INFO  [2013-11-04 23:41:50,767] org.eclipse.jetty.server.Server: jetty-8.1.10.v20130312
INFO  [2013-11-04 23:41:51,291] com.sun.jersey.server.impl.application.WebApplicationImpl: Initiating Jersey application, version 'Jersey: 1.17.1 02/28/2013 12:47 PM'
INFO  [2013-11-04 23:41:51,597] com.yammer.dropwizard.config.Environment: The following paths were found for the configured resources:


INFO  [2013-11-04 23:41:51,598] com.yammer.dropwizard.config.Environment: tasks = 

    POST    /tasks/gc (com.yammer.dropwizard.tasks.GarbageCollectionTask)

ERROR [2013-11-04 23:41:52,695] com.sun.jersey.server.impl.application.RootResourceUriRules: The ResourceConfig instance does not contain any root resource classes.
WARN  [2013-11-04 23:41:52,713] /: unavailable
! com.sun.jersey.api.container.ContainerException: The ResourceConfig instance does not contain any root resource classes.
! at com.sun.jersey.server.impl.application.RootResourceUriRules.<init>(RootResourceUriRules.java:99) ~[jersey-server-1.17.1.jar:1.17.1]
! at com.sun.jersey.server.impl.application.WebApplicationImpl._initiate(WebApplicationImpl.java:1331) ~[jersey-server-1.17.1.jar:1.17.1]
! at com.sun.jersey.server.impl.application.WebApplicationImpl.access$700(WebApplicationImpl.java:168) ~[jersey-server-1.17.1.jar:1.17.1]
! at com.sun.jersey.server.impl.application.WebApplicationImpl$13.f(WebApplicationImpl.java:774) ~[jersey-server-1.17.1.jar:1.17.1]
! at com.sun.jersey.server.impl.application.WebApplicationImpl$13.f(WebApplicationImpl.java:770) ~[jersey-server-1.17.1.jar:1.17.1]
! at com.sun.jersey.spi.inject.Errors.processWithErrors(Errors.java:193) ~[jersey-core-1.17.1.jar:1.17.1]
! at com.sun.jersey.server.impl.application.WebApplicationImpl.initiate(WebApplicationImpl.java:770) ~[jersey-server-1.17.1.jar:1.17.1]
! at com.sun.jersey.server.impl.application.WebApplicationImpl.initiate(WebApplicationImpl.java:765) ~[jersey-server-1.17.1.jar:1.17.1]
! at com.sun.jersey.spi.container.servlet.ServletContainer.initiate(ServletContainer.java:489) ~[jersey-servlet-1.17.1.jar:1.17.1]
! at com.sun.jersey.spi.container.servlet.ServletContainer$InternalWebComponent.initiate(ServletContainer.java:319) ~[jersey-servlet-1.17.1.jar:1.17.1]
! at com.sun.jersey.spi.container.servlet.WebComponent.load(WebComponent.java:605) ~[jersey-servlet-1.17.1.jar:1.17.1]
! at com.sun.jersey.spi.container.servlet.WebComponent.init(WebComponent.java:210) ~[jersey-servlet-1.17.1.jar:1.17.1]
! at com.sun.jersey.spi.container.servlet.ServletContainer.init(ServletContainer.java:374) ~[jersey-servlet-1.17.1.jar:1.17.1]
! at com.sun.jersey.spi.container.servlet.ServletContainer.init(ServletContainer.java:557) ~[jersey-servlet-1.17.1.jar:1.17.1]
! at javax.servlet.GenericServlet.init(GenericServlet.java:244) ~[javax.servlet-3.0.0.v201112011016.jar:na]
! at org.eclipse.jetty.servlet.ServletHolder.initServlet(ServletHolder.java:519) ~[jetty-servlet-8.1.10.v20130312.jar:8.1.10.v20130312]
! at org.eclipse.jetty.servlet.ServletHolder.doStart(ServletHolder.java:331) ~[jetty-servlet-8.1.10.v20130312.jar:8.1.10.v20130312]
! at org.eclipse.jetty.util.component.AbstractLifeCycle.start(AbstractLifeCycle.java:64) ~[jetty-util-8.1.10.v20130312.jar:8.1.10.v20130312]
! at org.eclipse.jetty.servlet.ServletHandler.initialize(ServletHandler.java:742) ~[jetty-servlet-8.1.10.v20130312.jar:8.1.10.v20130312]
! at org.eclipse.jetty.servlet.ServletContextHandler.startContext(ServletContextHandler.java:265) ~[jetty-servlet-8.1.10.v20130312.jar:8.1.10.v20130312]
! at org.eclipse.jetty.server.handler.ContextHandler.doStart(ContextHandler.java:710) ~[jetty-server-8.1.10.v20130312.jar:8.1.10.v20130312]
! at org.eclipse.jetty.util.component.AbstractLifeCycle.start(AbstractLifeCycle.java:64) ~[jetty-util-8.1.10.v20130312.jar:8.1.10.v20130312]
! at org.eclipse.jetty.server.handler.HandlerWrapper.doStart(HandlerWrapper.java:95) ~[jetty-server-8.1.10.v20130312.jar:8.1.10.v20130312]
! at org.eclipse.jetty.util.component.AbstractLifeCycle.start(AbstractLifeCycle.java:64) ~[jetty-util-8.1.10.v20130312.jar:8.1.10.v20130312]
! at org.eclipse.jetty.server.handler.HandlerWrapper.doStart(HandlerWrapper.java:95) ~[jetty-server-8.1.10.v20130312.jar:8.1.10.v20130312]
! at org.eclipse.jetty.util.component.AbstractLifeCycle.start(AbstractLifeCycle.java:64) ~[jetty-util-8.1.10.v20130312.jar:8.1.10.v20130312]
! at org.eclipse.jetty.server.handler.HandlerCollection.doStart(HandlerCollection.java:229) ~[jetty-server-8.1.10.v20130312.jar:8.1.10.v20130312]
! at org.eclipse.jetty.util.component.AbstractLifeCycle.start(AbstractLifeCycle.java:64) ~[jetty-util-8.1.10.v20130312.jar:8.1.10.v20130312]
! at org.eclipse.jetty.server.handler.HandlerWrapper.doStart(HandlerWrapper.java:95) ~[jetty-server-8.1.10.v20130312.jar:8.1.10.v20130312]
! at org.eclipse.jetty.server.Server.doStart(Server.java:280) ~[jetty-server-8.1.10.v20130312.jar:8.1.10.v20130312]
! at org.eclipse.jetty.util.component.AbstractLifeCycle.start(AbstractLifeCycle.java:64) ~[jetty-util-8.1.10.v20130312.jar:8.1.10.v20130312]
! at com.yammer.dropwizard.cli.ServerCommand.run(ServerCommand.java:48) ~[dropwizard-core-0.6.2.jar:na]
! at com.yammer.dropwizard.cli.EnvironmentCommand.run(EnvironmentCommand.java:39) ~[dropwizard-core-0.6.2.jar:na]
! at com.yammer.dropwizard.cli.ConfiguredCommand.run(ConfiguredCommand.java:58) ~[dropwizard-core-0.6.2.jar:na]
! at com.yammer.dropwizard.cli.Cli.run(Cli.java:53) ~[dropwizard-core-0.6.2.jar:na]
! at com.yammer.dropwizard.Service.run(Service.java:61) ~[dropwizard-core-0.6.2.jar:na]
! at edu.sjsu.cmpe.procurement.ProcurementService.main(ProcurementService.java:28) ~[classes/:na]
INFO  [2013-11-04 23:41:52,786] org.eclipse.jetty.server.AbstractConnector: Started InstrumentedBlockingChannelConnector@0.0.0.0:8080
INFO  [2013-11-04 23:41:52,806] org.eclipse.jetty.server.AbstractConnector: Started SocketConnector@0.0.0.0:9000
INFO  [2013-11-04 23:57:40,597] org.quartz.impl.StdSchedulerFactory: Using default implementation for ThreadExecutor
INFO  [2013-11-04 23:57:40,613] org.quartz.simpl.SimpleThreadPool: Job execution threads will use class loader of thread: main
INFO  [2013-11-04 23:57:40,658] org.quartz.core.SchedulerSignalerImpl: Initialized Scheduler Signaller of type: class org.quartz.core.SchedulerSignalerImpl
INFO  [2013-11-04 23:57:40,661] org.quartz.core.QuartzScheduler: Quartz Scheduler v.2.2.0 created.
INFO  [2013-11-04 23:57:40,664] org.quartz.simpl.RAMJobStore: RAMJobStore initialized.
INFO  [2013-11-04 23:57:40,667] org.quartz.core.QuartzScheduler: Scheduler meta-data: Quartz Scheduler (v2.2.0) 'DefaultQuartzScheduler' with instanceId 'NON_CLUSTERED'
  Scheduler class: 'org.quartz.core.QuartzScheduler' - running locally.
  NOT STARTED.
  Currently in standby mode.
  Number of jobs executed: 0
  Using thread pool 'org.quartz.simpl.SimpleThreadPool' - with 10 threads.
  Using job-store 'org.quartz.simpl.RAMJobStore' - which does not support persistence. and is not clustered.

INFO  [2013-11-04 23:57:40,668] org.quartz.impl.StdSchedulerFactory: Quartz scheduler 'DefaultQuartzScheduler' initialized from default resource file in Quartz package: 'quartz.properties'
INFO  [2013-11-04 23:57:40,668] org.quartz.impl.StdSchedulerFactory: Quartz scheduler version: 2.2.0
INFO  [2013-11-04 23:57:40,692] org.quartz.core.QuartzScheduler: Scheduler DefaultQuartzScheduler_$_NON_CLUSTERED started.
WARN  [2013-11-04 23:57:40,761] com.yammer.dropwizard.config.ServerFactory: 
!!!!!!!!!!!!!!!!!!!!!!!!!!!!!!!!!!!!!!!!!!!!!!!!!!!!!!!!!!!!!!!!!!!!!!!!!!!!!!!!
!!!!!!!!!!!!!!!!!!!!!!!!!!!!!!!!!!!!!!!!!!!!!!!!!!!!!!!!!!!!!!!!!!!!!!!!!!!!!!!!
!    THIS SERVICE HAS NO HEALTHCHECKS. THIS MEANS YOU WILL NEVER KNOW IF IT    !
!    DIES IN PRODUCTION, WHICH MEANS YOU WILL NEVER KNOW IF YOU'RE LETTING     !
!     YOUR USERS DOWN. YOU SHOULD ADD A HEALTHCHECK FOR EACH DEPENDENCY OF     !
!     YOUR SERVICE WHICH FULLY (BUT LIGHTLY) TESTS YOUR SERVICE'S ABILITY TO   !
!      USE THAT SERVICE. THINK OF IT AS A CONTINUOUS INTEGRATION TEST.         !
!!!!!!!!!!!!!!!!!!!!!!!!!!!!!!!!!!!!!!!!!!!!!!!!!!!!!!!!!!!!!!!!!!!!!!!!!!!!!!!!
!!!!!!!!!!!!!!!!!!!!!!!!!!!!!!!!!!!!!!!!!!!!!!!!!!!!!!!!!!!!!!!!!!!!!!!!!!!!!!!!
INFO  [2013-11-04 23:57:41,159] com.yammer.dropwizard.cli.ServerCommand: Starting procurement-service
INFO  [2013-11-04 23:57:41,167] org.eclipse.jetty.server.Server: jetty-8.1.10.v20130312
INFO  [2013-11-04 23:57:41,668] com.sun.jersey.server.impl.application.WebApplicationImpl: Initiating Jersey application, version 'Jersey: 1.17.1 02/28/2013 12:47 PM'
INFO  [2013-11-04 23:57:41,915] com.yammer.dropwizard.config.Environment: The following paths were found for the configured resources:


INFO  [2013-11-04 23:57:41,916] com.yammer.dropwizard.config.Environment: tasks = 

    POST    /tasks/gc (com.yammer.dropwizard.tasks.GarbageCollectionTask)

ERROR [2013-11-04 23:57:42,995] com.sun.jersey.server.impl.application.RootResourceUriRules: The ResourceConfig instance does not contain any root resource classes.
WARN  [2013-11-04 23:57:43,015] /: unavailable
! com.sun.jersey.api.container.ContainerException: The ResourceConfig instance does not contain any root resource classes.
! at com.sun.jersey.server.impl.application.RootResourceUriRules.<init>(RootResourceUriRules.java:99) ~[jersey-server-1.17.1.jar:1.17.1]
! at com.sun.jersey.server.impl.application.WebApplicationImpl._initiate(WebApplicationImpl.java:1331) ~[jersey-server-1.17.1.jar:1.17.1]
! at com.sun.jersey.server.impl.application.WebApplicationImpl.access$700(WebApplicationImpl.java:168) ~[jersey-server-1.17.1.jar:1.17.1]
! at com.sun.jersey.server.impl.application.WebApplicationImpl$13.f(WebApplicationImpl.java:774) ~[jersey-server-1.17.1.jar:1.17.1]
! at com.sun.jersey.server.impl.application.WebApplicationImpl$13.f(WebApplicationImpl.java:770) ~[jersey-server-1.17.1.jar:1.17.1]
! at com.sun.jersey.spi.inject.Errors.processWithErrors(Errors.java:193) ~[jersey-core-1.17.1.jar:1.17.1]
! at com.sun.jersey.server.impl.application.WebApplicationImpl.initiate(WebApplicationImpl.java:770) ~[jersey-server-1.17.1.jar:1.17.1]
! at com.sun.jersey.server.impl.application.WebApplicationImpl.initiate(WebApplicationImpl.java:765) ~[jersey-server-1.17.1.jar:1.17.1]
! at com.sun.jersey.spi.container.servlet.ServletContainer.initiate(ServletContainer.java:489) ~[jersey-servlet-1.17.1.jar:1.17.1]
! at com.sun.jersey.spi.container.servlet.ServletContainer$InternalWebComponent.initiate(ServletContainer.java:319) ~[jersey-servlet-1.17.1.jar:1.17.1]
! at com.sun.jersey.spi.container.servlet.WebComponent.load(WebComponent.java:605) ~[jersey-servlet-1.17.1.jar:1.17.1]
! at com.sun.jersey.spi.container.servlet.WebComponent.init(WebComponent.java:210) ~[jersey-servlet-1.17.1.jar:1.17.1]
! at com.sun.jersey.spi.container.servlet.ServletContainer.init(ServletContainer.java:374) ~[jersey-servlet-1.17.1.jar:1.17.1]
! at com.sun.jersey.spi.container.servlet.ServletContainer.init(ServletContainer.java:557) ~[jersey-servlet-1.17.1.jar:1.17.1]
! at javax.servlet.GenericServlet.init(GenericServlet.java:244) ~[javax.servlet-3.0.0.v201112011016.jar:na]
! at org.eclipse.jetty.servlet.ServletHolder.initServlet(ServletHolder.java:519) ~[jetty-servlet-8.1.10.v20130312.jar:8.1.10.v20130312]
! at org.eclipse.jetty.servlet.ServletHolder.doStart(ServletHolder.java:331) ~[jetty-servlet-8.1.10.v20130312.jar:8.1.10.v20130312]
! at org.eclipse.jetty.util.component.AbstractLifeCycle.start(AbstractLifeCycle.java:64) ~[jetty-util-8.1.10.v20130312.jar:8.1.10.v20130312]
! at org.eclipse.jetty.servlet.ServletHandler.initialize(ServletHandler.java:742) ~[jetty-servlet-8.1.10.v20130312.jar:8.1.10.v20130312]
! at org.eclipse.jetty.servlet.ServletContextHandler.startContext(ServletContextHandler.java:265) ~[jetty-servlet-8.1.10.v20130312.jar:8.1.10.v20130312]
! at org.eclipse.jetty.server.handler.ContextHandler.doStart(ContextHandler.java:710) ~[jetty-server-8.1.10.v20130312.jar:8.1.10.v20130312]
! at org.eclipse.jetty.util.component.AbstractLifeCycle.start(AbstractLifeCycle.java:64) ~[jetty-util-8.1.10.v20130312.jar:8.1.10.v20130312]
! at org.eclipse.jetty.server.handler.HandlerWrapper.doStart(HandlerWrapper.java:95) ~[jetty-server-8.1.10.v20130312.jar:8.1.10.v20130312]
! at org.eclipse.jetty.util.component.AbstractLifeCycle.start(AbstractLifeCycle.java:64) ~[jetty-util-8.1.10.v20130312.jar:8.1.10.v20130312]
! at org.eclipse.jetty.server.handler.HandlerWrapper.doStart(HandlerWrapper.java:95) ~[jetty-server-8.1.10.v20130312.jar:8.1.10.v20130312]
! at org.eclipse.jetty.util.component.AbstractLifeCycle.start(AbstractLifeCycle.java:64) ~[jetty-util-8.1.10.v20130312.jar:8.1.10.v20130312]
! at org.eclipse.jetty.server.handler.HandlerCollection.doStart(HandlerCollection.java:229) ~[jetty-server-8.1.10.v20130312.jar:8.1.10.v20130312]
! at org.eclipse.jetty.util.component.AbstractLifeCycle.start(AbstractLifeCycle.java:64) ~[jetty-util-8.1.10.v20130312.jar:8.1.10.v20130312]
! at org.eclipse.jetty.server.handler.HandlerWrapper.doStart(HandlerWrapper.java:95) ~[jetty-server-8.1.10.v20130312.jar:8.1.10.v20130312]
! at org.eclipse.jetty.server.Server.doStart(Server.java:280) ~[jetty-server-8.1.10.v20130312.jar:8.1.10.v20130312]
! at org.eclipse.jetty.util.component.AbstractLifeCycle.start(AbstractLifeCycle.java:64) ~[jetty-util-8.1.10.v20130312.jar:8.1.10.v20130312]
! at com.yammer.dropwizard.cli.ServerCommand.run(ServerCommand.java:48) ~[dropwizard-core-0.6.2.jar:na]
! at com.yammer.dropwizard.cli.EnvironmentCommand.run(EnvironmentCommand.java:39) ~[dropwizard-core-0.6.2.jar:na]
! at com.yammer.dropwizard.cli.ConfiguredCommand.run(ConfiguredCommand.java:58) ~[dropwizard-core-0.6.2.jar:na]
! at com.yammer.dropwizard.cli.Cli.run(Cli.java:53) ~[dropwizard-core-0.6.2.jar:na]
! at com.yammer.dropwizard.Service.run(Service.java:61) ~[dropwizard-core-0.6.2.jar:na]
! at edu.sjsu.cmpe.procurement.ProcurementService.main(ProcurementService.java:28) ~[classes/:na]
INFO  [2013-11-04 23:57:43,073] org.eclipse.jetty.server.AbstractConnector: Started InstrumentedBlockingChannelConnector@0.0.0.0:8080
INFO  [2013-11-04 23:57:43,094] org.eclipse.jetty.server.AbstractConnector: Started SocketConnector@0.0.0.0:9000
INFO  [2013-11-04 23:59:26,922] org.quartz.impl.StdSchedulerFactory: Using default implementation for ThreadExecutor
INFO  [2013-11-04 23:59:26,937] org.quartz.simpl.SimpleThreadPool: Job execution threads will use class loader of thread: main
INFO  [2013-11-04 23:59:26,986] org.quartz.core.SchedulerSignalerImpl: Initialized Scheduler Signaller of type: class org.quartz.core.SchedulerSignalerImpl
INFO  [2013-11-04 23:59:26,989] org.quartz.core.QuartzScheduler: Quartz Scheduler v.2.2.0 created.
INFO  [2013-11-04 23:59:26,993] org.quartz.simpl.RAMJobStore: RAMJobStore initialized.
INFO  [2013-11-04 23:59:26,995] org.quartz.core.QuartzScheduler: Scheduler meta-data: Quartz Scheduler (v2.2.0) 'DefaultQuartzScheduler' with instanceId 'NON_CLUSTERED'
  Scheduler class: 'org.quartz.core.QuartzScheduler' - running locally.
  NOT STARTED.
  Currently in standby mode.
  Number of jobs executed: 0
  Using thread pool 'org.quartz.simpl.SimpleThreadPool' - with 10 threads.
  Using job-store 'org.quartz.simpl.RAMJobStore' - which does not support persistence. and is not clustered.

INFO  [2013-11-04 23:59:26,996] org.quartz.impl.StdSchedulerFactory: Quartz scheduler 'DefaultQuartzScheduler' initialized from default resource file in Quartz package: 'quartz.properties'
INFO  [2013-11-04 23:59:26,996] org.quartz.impl.StdSchedulerFactory: Quartz scheduler version: 2.2.0
INFO  [2013-11-04 23:59:27,017] org.quartz.core.QuartzScheduler: Scheduler DefaultQuartzScheduler_$_NON_CLUSTERED started.
WARN  [2013-11-04 23:59:27,082] com.yammer.dropwizard.config.ServerFactory: 
!!!!!!!!!!!!!!!!!!!!!!!!!!!!!!!!!!!!!!!!!!!!!!!!!!!!!!!!!!!!!!!!!!!!!!!!!!!!!!!!
!!!!!!!!!!!!!!!!!!!!!!!!!!!!!!!!!!!!!!!!!!!!!!!!!!!!!!!!!!!!!!!!!!!!!!!!!!!!!!!!
!    THIS SERVICE HAS NO HEALTHCHECKS. THIS MEANS YOU WILL NEVER KNOW IF IT    !
!    DIES IN PRODUCTION, WHICH MEANS YOU WILL NEVER KNOW IF YOU'RE LETTING     !
!     YOUR USERS DOWN. YOU SHOULD ADD A HEALTHCHECK FOR EACH DEPENDENCY OF     !
!     YOUR SERVICE WHICH FULLY (BUT LIGHTLY) TESTS YOUR SERVICE'S ABILITY TO   !
!      USE THAT SERVICE. THINK OF IT AS A CONTINUOUS INTEGRATION TEST.         !
!!!!!!!!!!!!!!!!!!!!!!!!!!!!!!!!!!!!!!!!!!!!!!!!!!!!!!!!!!!!!!!!!!!!!!!!!!!!!!!!
!!!!!!!!!!!!!!!!!!!!!!!!!!!!!!!!!!!!!!!!!!!!!!!!!!!!!!!!!!!!!!!!!!!!!!!!!!!!!!!!
INFO  [2013-11-04 23:59:27,506] com.yammer.dropwizard.cli.ServerCommand: Starting procurement-service
INFO  [2013-11-04 23:59:27,514] org.eclipse.jetty.server.Server: jetty-8.1.10.v20130312
INFO  [2013-11-04 23:59:28,054] com.sun.jersey.server.impl.application.WebApplicationImpl: Initiating Jersey application, version 'Jersey: 1.17.1 02/28/2013 12:47 PM'
INFO  [2013-11-04 23:59:28,311] com.yammer.dropwizard.config.Environment: The following paths were found for the configured resources:


INFO  [2013-11-04 23:59:28,315] com.yammer.dropwizard.config.Environment: tasks = 

    POST    /tasks/gc (com.yammer.dropwizard.tasks.GarbageCollectionTask)

ERROR [2013-11-04 23:59:29,352] com.sun.jersey.server.impl.application.RootResourceUriRules: The ResourceConfig instance does not contain any root resource classes.
WARN  [2013-11-04 23:59:29,369] /: unavailable
! com.sun.jersey.api.container.ContainerException: The ResourceConfig instance does not contain any root resource classes.
! at com.sun.jersey.server.impl.application.RootResourceUriRules.<init>(RootResourceUriRules.java:99) ~[jersey-server-1.17.1.jar:1.17.1]
! at com.sun.jersey.server.impl.application.WebApplicationImpl._initiate(WebApplicationImpl.java:1331) ~[jersey-server-1.17.1.jar:1.17.1]
! at com.sun.jersey.server.impl.application.WebApplicationImpl.access$700(WebApplicationImpl.java:168) ~[jersey-server-1.17.1.jar:1.17.1]
! at com.sun.jersey.server.impl.application.WebApplicationImpl$13.f(WebApplicationImpl.java:774) ~[jersey-server-1.17.1.jar:1.17.1]
! at com.sun.jersey.server.impl.application.WebApplicationImpl$13.f(WebApplicationImpl.java:770) ~[jersey-server-1.17.1.jar:1.17.1]
! at com.sun.jersey.spi.inject.Errors.processWithErrors(Errors.java:193) ~[jersey-core-1.17.1.jar:1.17.1]
! at com.sun.jersey.server.impl.application.WebApplicationImpl.initiate(WebApplicationImpl.java:770) ~[jersey-server-1.17.1.jar:1.17.1]
! at com.sun.jersey.server.impl.application.WebApplicationImpl.initiate(WebApplicationImpl.java:765) ~[jersey-server-1.17.1.jar:1.17.1]
! at com.sun.jersey.spi.container.servlet.ServletContainer.initiate(ServletContainer.java:489) ~[jersey-servlet-1.17.1.jar:1.17.1]
! at com.sun.jersey.spi.container.servlet.ServletContainer$InternalWebComponent.initiate(ServletContainer.java:319) ~[jersey-servlet-1.17.1.jar:1.17.1]
! at com.sun.jersey.spi.container.servlet.WebComponent.load(WebComponent.java:605) ~[jersey-servlet-1.17.1.jar:1.17.1]
! at com.sun.jersey.spi.container.servlet.WebComponent.init(WebComponent.java:210) ~[jersey-servlet-1.17.1.jar:1.17.1]
! at com.sun.jersey.spi.container.servlet.ServletContainer.init(ServletContainer.java:374) ~[jersey-servlet-1.17.1.jar:1.17.1]
! at com.sun.jersey.spi.container.servlet.ServletContainer.init(ServletContainer.java:557) ~[jersey-servlet-1.17.1.jar:1.17.1]
! at javax.servlet.GenericServlet.init(GenericServlet.java:244) ~[javax.servlet-3.0.0.v201112011016.jar:na]
! at org.eclipse.jetty.servlet.ServletHolder.initServlet(ServletHolder.java:519) ~[jetty-servlet-8.1.10.v20130312.jar:8.1.10.v20130312]
! at org.eclipse.jetty.servlet.ServletHolder.doStart(ServletHolder.java:331) ~[jetty-servlet-8.1.10.v20130312.jar:8.1.10.v20130312]
! at org.eclipse.jetty.util.component.AbstractLifeCycle.start(AbstractLifeCycle.java:64) ~[jetty-util-8.1.10.v20130312.jar:8.1.10.v20130312]
! at org.eclipse.jetty.servlet.ServletHandler.initialize(ServletHandler.java:742) ~[jetty-servlet-8.1.10.v20130312.jar:8.1.10.v20130312]
! at org.eclipse.jetty.servlet.ServletContextHandler.startContext(ServletContextHandler.java:265) ~[jetty-servlet-8.1.10.v20130312.jar:8.1.10.v20130312]
! at org.eclipse.jetty.server.handler.ContextHandler.doStart(ContextHandler.java:710) ~[jetty-server-8.1.10.v20130312.jar:8.1.10.v20130312]
! at org.eclipse.jetty.util.component.AbstractLifeCycle.start(AbstractLifeCycle.java:64) ~[jetty-util-8.1.10.v20130312.jar:8.1.10.v20130312]
! at org.eclipse.jetty.server.handler.HandlerWrapper.doStart(HandlerWrapper.java:95) ~[jetty-server-8.1.10.v20130312.jar:8.1.10.v20130312]
! at org.eclipse.jetty.util.component.AbstractLifeCycle.start(AbstractLifeCycle.java:64) ~[jetty-util-8.1.10.v20130312.jar:8.1.10.v20130312]
! at org.eclipse.jetty.server.handler.HandlerWrapper.doStart(HandlerWrapper.java:95) ~[jetty-server-8.1.10.v20130312.jar:8.1.10.v20130312]
! at org.eclipse.jetty.util.component.AbstractLifeCycle.start(AbstractLifeCycle.java:64) ~[jetty-util-8.1.10.v20130312.jar:8.1.10.v20130312]
! at org.eclipse.jetty.server.handler.HandlerCollection.doStart(HandlerCollection.java:229) ~[jetty-server-8.1.10.v20130312.jar:8.1.10.v20130312]
! at org.eclipse.jetty.util.component.AbstractLifeCycle.start(AbstractLifeCycle.java:64) ~[jetty-util-8.1.10.v20130312.jar:8.1.10.v20130312]
! at org.eclipse.jetty.server.handler.HandlerWrapper.doStart(HandlerWrapper.java:95) ~[jetty-server-8.1.10.v20130312.jar:8.1.10.v20130312]
! at org.eclipse.jetty.server.Server.doStart(Server.java:280) ~[jetty-server-8.1.10.v20130312.jar:8.1.10.v20130312]
! at org.eclipse.jetty.util.component.AbstractLifeCycle.start(AbstractLifeCycle.java:64) ~[jetty-util-8.1.10.v20130312.jar:8.1.10.v20130312]
! at com.yammer.dropwizard.cli.ServerCommand.run(ServerCommand.java:48) ~[dropwizard-core-0.6.2.jar:na]
! at com.yammer.dropwizard.cli.EnvironmentCommand.run(EnvironmentCommand.java:39) ~[dropwizard-core-0.6.2.jar:na]
! at com.yammer.dropwizard.cli.ConfiguredCommand.run(ConfiguredCommand.java:58) ~[dropwizard-core-0.6.2.jar:na]
! at com.yammer.dropwizard.cli.Cli.run(Cli.java:53) ~[dropwizard-core-0.6.2.jar:na]
! at com.yammer.dropwizard.Service.run(Service.java:61) ~[dropwizard-core-0.6.2.jar:na]
! at edu.sjsu.cmpe.procurement.ProcurementService.main(ProcurementService.java:28) ~[classes/:na]
INFO  [2013-11-04 23:59:29,415] org.eclipse.jetty.server.AbstractConnector: Started InstrumentedBlockingChannelConnector@0.0.0.0:8080
INFO  [2013-11-04 23:59:29,470] org.eclipse.jetty.server.AbstractConnector: Started SocketConnector@0.0.0.0:9000
INFO  [2013-11-05 03:10:02,041] org.quartz.impl.StdSchedulerFactory: Using default implementation for ThreadExecutor
INFO  [2013-11-05 03:10:02,063] org.quartz.simpl.SimpleThreadPool: Job execution threads will use class loader of thread: main
INFO  [2013-11-05 03:10:02,126] org.quartz.core.SchedulerSignalerImpl: Initialized Scheduler Signaller of type: class org.quartz.core.SchedulerSignalerImpl
INFO  [2013-11-05 03:10:02,129] org.quartz.core.QuartzScheduler: Quartz Scheduler v.2.2.0 created.
INFO  [2013-11-05 03:10:02,132] org.quartz.simpl.RAMJobStore: RAMJobStore initialized.
INFO  [2013-11-05 03:10:02,134] org.quartz.core.QuartzScheduler: Scheduler meta-data: Quartz Scheduler (v2.2.0) 'DefaultQuartzScheduler' with instanceId 'NON_CLUSTERED'
  Scheduler class: 'org.quartz.core.QuartzScheduler' - running locally.
  NOT STARTED.
  Currently in standby mode.
  Number of jobs executed: 0
  Using thread pool 'org.quartz.simpl.SimpleThreadPool' - with 10 threads.
  Using job-store 'org.quartz.simpl.RAMJobStore' - which does not support persistence. and is not clustered.

INFO  [2013-11-05 03:10:02,134] org.quartz.impl.StdSchedulerFactory: Quartz scheduler 'DefaultQuartzScheduler' initialized from default resource file in Quartz package: 'quartz.properties'
INFO  [2013-11-05 03:10:02,134] org.quartz.impl.StdSchedulerFactory: Quartz scheduler version: 2.2.0
INFO  [2013-11-05 03:10:02,156] org.quartz.core.QuartzScheduler: Scheduler DefaultQuartzScheduler_$_NON_CLUSTERED started.
WARN  [2013-11-05 03:10:02,297] com.yammer.dropwizard.config.ServerFactory: 
!!!!!!!!!!!!!!!!!!!!!!!!!!!!!!!!!!!!!!!!!!!!!!!!!!!!!!!!!!!!!!!!!!!!!!!!!!!!!!!!
!!!!!!!!!!!!!!!!!!!!!!!!!!!!!!!!!!!!!!!!!!!!!!!!!!!!!!!!!!!!!!!!!!!!!!!!!!!!!!!!
!    THIS SERVICE HAS NO HEALTHCHECKS. THIS MEANS YOU WILL NEVER KNOW IF IT    !
!    DIES IN PRODUCTION, WHICH MEANS YOU WILL NEVER KNOW IF YOU'RE LETTING     !
!     YOUR USERS DOWN. YOU SHOULD ADD A HEALTHCHECK FOR EACH DEPENDENCY OF     !
!     YOUR SERVICE WHICH FULLY (BUT LIGHTLY) TESTS YOUR SERVICE'S ABILITY TO   !
!      USE THAT SERVICE. THINK OF IT AS A CONTINUOUS INTEGRATION TEST.         !
!!!!!!!!!!!!!!!!!!!!!!!!!!!!!!!!!!!!!!!!!!!!!!!!!!!!!!!!!!!!!!!!!!!!!!!!!!!!!!!!
!!!!!!!!!!!!!!!!!!!!!!!!!!!!!!!!!!!!!!!!!!!!!!!!!!!!!!!!!!!!!!!!!!!!!!!!!!!!!!!!
INFO  [2013-11-05 03:10:02,584] com.yammer.dropwizard.cli.ServerCommand: Starting procurement-service
INFO  [2013-11-05 03:10:02,593] org.eclipse.jetty.server.Server: jetty-8.1.10.v20130312
INFO  [2013-11-05 03:10:03,072] com.sun.jersey.server.impl.application.WebApplicationImpl: Initiating Jersey application, version 'Jersey: 1.17.1 02/28/2013 12:47 PM'
INFO  [2013-11-05 03:10:03,361] com.yammer.dropwizard.config.Environment: The following paths were found for the configured resources:


INFO  [2013-11-05 03:10:03,363] com.yammer.dropwizard.config.Environment: tasks = 

    POST    /tasks/gc (com.yammer.dropwizard.tasks.GarbageCollectionTask)

ERROR [2013-11-05 03:10:04,199] com.sun.jersey.server.impl.application.RootResourceUriRules: The ResourceConfig instance does not contain any root resource classes.
WARN  [2013-11-05 03:10:04,217] /: unavailable
! com.sun.jersey.api.container.ContainerException: The ResourceConfig instance does not contain any root resource classes.
! at com.sun.jersey.server.impl.application.RootResourceUriRules.<init>(RootResourceUriRules.java:99) ~[jersey-server-1.17.1.jar:1.17.1]
! at com.sun.jersey.server.impl.application.WebApplicationImpl._initiate(WebApplicationImpl.java:1331) ~[jersey-server-1.17.1.jar:1.17.1]
! at com.sun.jersey.server.impl.application.WebApplicationImpl.access$700(WebApplicationImpl.java:168) ~[jersey-server-1.17.1.jar:1.17.1]
! at com.sun.jersey.server.impl.application.WebApplicationImpl$13.f(WebApplicationImpl.java:774) ~[jersey-server-1.17.1.jar:1.17.1]
! at com.sun.jersey.server.impl.application.WebApplicationImpl$13.f(WebApplicationImpl.java:770) ~[jersey-server-1.17.1.jar:1.17.1]
! at com.sun.jersey.spi.inject.Errors.processWithErrors(Errors.java:193) ~[jersey-core-1.17.1.jar:1.17.1]
! at com.sun.jersey.server.impl.application.WebApplicationImpl.initiate(WebApplicationImpl.java:770) ~[jersey-server-1.17.1.jar:1.17.1]
! at com.sun.jersey.server.impl.application.WebApplicationImpl.initiate(WebApplicationImpl.java:765) ~[jersey-server-1.17.1.jar:1.17.1]
! at com.sun.jersey.spi.container.servlet.ServletContainer.initiate(ServletContainer.java:489) ~[jersey-servlet-1.17.1.jar:1.17.1]
! at com.sun.jersey.spi.container.servlet.ServletContainer$InternalWebComponent.initiate(ServletContainer.java:319) ~[jersey-servlet-1.17.1.jar:1.17.1]
! at com.sun.jersey.spi.container.servlet.WebComponent.load(WebComponent.java:605) ~[jersey-servlet-1.17.1.jar:1.17.1]
! at com.sun.jersey.spi.container.servlet.WebComponent.init(WebComponent.java:210) ~[jersey-servlet-1.17.1.jar:1.17.1]
! at com.sun.jersey.spi.container.servlet.ServletContainer.init(ServletContainer.java:374) ~[jersey-servlet-1.17.1.jar:1.17.1]
! at com.sun.jersey.spi.container.servlet.ServletContainer.init(ServletContainer.java:557) ~[jersey-servlet-1.17.1.jar:1.17.1]
! at javax.servlet.GenericServlet.init(GenericServlet.java:244) ~[javax.servlet-3.0.0.v201112011016.jar:na]
! at org.eclipse.jetty.servlet.ServletHolder.initServlet(ServletHolder.java:519) ~[jetty-servlet-8.1.10.v20130312.jar:8.1.10.v20130312]
! at org.eclipse.jetty.servlet.ServletHolder.doStart(ServletHolder.java:331) ~[jetty-servlet-8.1.10.v20130312.jar:8.1.10.v20130312]
! at org.eclipse.jetty.util.component.AbstractLifeCycle.start(AbstractLifeCycle.java:64) ~[jetty-util-8.1.10.v20130312.jar:8.1.10.v20130312]
! at org.eclipse.jetty.servlet.ServletHandler.initialize(ServletHandler.java:742) ~[jetty-servlet-8.1.10.v20130312.jar:8.1.10.v20130312]
! at org.eclipse.jetty.servlet.ServletContextHandler.startContext(ServletContextHandler.java:265) ~[jetty-servlet-8.1.10.v20130312.jar:8.1.10.v20130312]
! at org.eclipse.jetty.server.handler.ContextHandler.doStart(ContextHandler.java:710) ~[jetty-server-8.1.10.v20130312.jar:8.1.10.v20130312]
! at org.eclipse.jetty.util.component.AbstractLifeCycle.start(AbstractLifeCycle.java:64) ~[jetty-util-8.1.10.v20130312.jar:8.1.10.v20130312]
! at org.eclipse.jetty.server.handler.HandlerWrapper.doStart(HandlerWrapper.java:95) ~[jetty-server-8.1.10.v20130312.jar:8.1.10.v20130312]
! at org.eclipse.jetty.util.component.AbstractLifeCycle.start(AbstractLifeCycle.java:64) ~[jetty-util-8.1.10.v20130312.jar:8.1.10.v20130312]
! at org.eclipse.jetty.server.handler.HandlerWrapper.doStart(HandlerWrapper.java:95) ~[jetty-server-8.1.10.v20130312.jar:8.1.10.v20130312]
! at org.eclipse.jetty.util.component.AbstractLifeCycle.start(AbstractLifeCycle.java:64) ~[jetty-util-8.1.10.v20130312.jar:8.1.10.v20130312]
! at org.eclipse.jetty.server.handler.HandlerCollection.doStart(HandlerCollection.java:229) ~[jetty-server-8.1.10.v20130312.jar:8.1.10.v20130312]
! at org.eclipse.jetty.util.component.AbstractLifeCycle.start(AbstractLifeCycle.java:64) ~[jetty-util-8.1.10.v20130312.jar:8.1.10.v20130312]
! at org.eclipse.jetty.server.handler.HandlerWrapper.doStart(HandlerWrapper.java:95) ~[jetty-server-8.1.10.v20130312.jar:8.1.10.v20130312]
! at org.eclipse.jetty.server.Server.doStart(Server.java:280) ~[jetty-server-8.1.10.v20130312.jar:8.1.10.v20130312]
! at org.eclipse.jetty.util.component.AbstractLifeCycle.start(AbstractLifeCycle.java:64) ~[jetty-util-8.1.10.v20130312.jar:8.1.10.v20130312]
! at com.yammer.dropwizard.cli.ServerCommand.run(ServerCommand.java:48) ~[dropwizard-core-0.6.2.jar:na]
! at com.yammer.dropwizard.cli.EnvironmentCommand.run(EnvironmentCommand.java:39) ~[dropwizard-core-0.6.2.jar:na]
! at com.yammer.dropwizard.cli.ConfiguredCommand.run(ConfiguredCommand.java:58) ~[dropwizard-core-0.6.2.jar:na]
! at com.yammer.dropwizard.cli.Cli.run(Cli.java:53) ~[dropwizard-core-0.6.2.jar:na]
! at com.yammer.dropwizard.Service.run(Service.java:61) ~[dropwizard-core-0.6.2.jar:na]
! at edu.sjsu.cmpe.procurement.ProcurementService.main(ProcurementService.java:28) ~[classes/:na]
INFO  [2013-11-05 03:10:04,238] org.eclipse.jetty.server.AbstractConnector: Started InstrumentedBlockingChannelConnector@0.0.0.0:8080
INFO  [2013-11-05 03:10:04,252] org.eclipse.jetty.server.AbstractConnector: Started SocketConnector@0.0.0.0:9000
